mode: set
github.com/SyahrulBhudiF/Go_gRPC/cmd/main.go:16.13,28.16 8 0
github.com/SyahrulBhudiF/Go_gRPC/cmd/main.go:28.16,30.3 1 0
github.com/SyahrulBhudiF/Go_gRPC/cmd/main.go:31.2,40.16 6 0
github.com/SyahrulBhudiF/Go_gRPC/cmd/main.go:40.16,42.3 1 0
github.com/SyahrulBhudiF/Go_gRPC/cmd/main.go:44.2,48.46 4 0
github.com/SyahrulBhudiF/Go_gRPC/cmd/main.go:48.46,50.3 1 0
github.com/SyahrulBhudiF/Go_gRPC/internal/domain/mocks/mock_UserRepository.go:19.69,21.2 1 0
github.com/SyahrulBhudiF/Go_gRPC/internal/domain/mocks/mock_UserRepository.go:24.79,27.19 2 0
github.com/SyahrulBhudiF/Go_gRPC/internal/domain/mocks/mock_UserRepository.go:27.19,28.48 1 0
github.com/SyahrulBhudiF/Go_gRPC/internal/domain/mocks/mock_UserRepository.go:31.2,33.73 3 0
github.com/SyahrulBhudiF/Go_gRPC/internal/domain/mocks/mock_UserRepository.go:33.73,35.3 1 0
github.com/SyahrulBhudiF/Go_gRPC/internal/domain/mocks/mock_UserRepository.go:36.2,36.64 1 0
github.com/SyahrulBhudiF/Go_gRPC/internal/domain/mocks/mock_UserRepository.go:36.64,38.3 1 0
github.com/SyahrulBhudiF/Go_gRPC/internal/domain/mocks/mock_UserRepository.go:38.8,39.24 1 0
github.com/SyahrulBhudiF/Go_gRPC/internal/domain/mocks/mock_UserRepository.go:39.24,41.4 1 0
github.com/SyahrulBhudiF/Go_gRPC/internal/domain/mocks/mock_UserRepository.go:44.2,44.57 1 0
github.com/SyahrulBhudiF/Go_gRPC/internal/domain/mocks/mock_UserRepository.go:44.57,46.3 1 0
github.com/SyahrulBhudiF/Go_gRPC/internal/domain/mocks/mock_UserRepository.go:46.8,48.3 1 0
github.com/SyahrulBhudiF/Go_gRPC/internal/domain/mocks/mock_UserRepository.go:50.2,50.15 1 0
github.com/SyahrulBhudiF/Go_gRPC/internal/domain/mocks/mock_UserRepository.go:60.97,62.2 1 0
github.com/SyahrulBhudiF/Go_gRPC/internal/domain/mocks/mock_UserRepository.go:64.108,65.40 1 0
github.com/SyahrulBhudiF/Go_gRPC/internal/domain/mocks/mock_UserRepository.go:65.40,67.3 1 0
github.com/SyahrulBhudiF/Go_gRPC/internal/domain/mocks/mock_UserRepository.go:68.2,68.11 1 0
github.com/SyahrulBhudiF/Go_gRPC/internal/domain/mocks/mock_UserRepository.go:71.111,74.2 2 0
github.com/SyahrulBhudiF/Go_gRPC/internal/domain/mocks/mock_UserRepository.go:76.134,79.2 2 0
github.com/SyahrulBhudiF/Go_gRPC/internal/domain/mocks/mock_UserRepository.go:82.54,85.19 2 0
github.com/SyahrulBhudiF/Go_gRPC/internal/domain/mocks/mock_UserRepository.go:85.19,86.48 1 0
github.com/SyahrulBhudiF/Go_gRPC/internal/domain/mocks/mock_UserRepository.go:89.2,90.50 2 0
github.com/SyahrulBhudiF/Go_gRPC/internal/domain/mocks/mock_UserRepository.go:90.50,92.3 1 0
github.com/SyahrulBhudiF/Go_gRPC/internal/domain/mocks/mock_UserRepository.go:92.8,94.3 1 0
github.com/SyahrulBhudiF/Go_gRPC/internal/domain/mocks/mock_UserRepository.go:96.2,96.11 1 0
github.com/SyahrulBhudiF/Go_gRPC/internal/domain/mocks/mock_UserRepository.go:106.95,108.2 1 0
github.com/SyahrulBhudiF/Go_gRPC/internal/domain/mocks/mock_UserRepository.go:110.99,111.40 1 0
github.com/SyahrulBhudiF/Go_gRPC/internal/domain/mocks/mock_UserRepository.go:111.40,113.3 1 0
github.com/SyahrulBhudiF/Go_gRPC/internal/domain/mocks/mock_UserRepository.go:114.2,114.11 1 0
github.com/SyahrulBhudiF/Go_gRPC/internal/domain/mocks/mock_UserRepository.go:117.93,120.2 2 0
github.com/SyahrulBhudiF/Go_gRPC/internal/domain/mocks/mock_UserRepository.go:122.111,125.2 2 0
github.com/SyahrulBhudiF/Go_gRPC/internal/domain/mocks/mock_UserRepository.go:128.71,131.19 2 0
github.com/SyahrulBhudiF/Go_gRPC/internal/domain/mocks/mock_UserRepository.go:131.19,132.49 1 0
github.com/SyahrulBhudiF/Go_gRPC/internal/domain/mocks/mock_UserRepository.go:135.2,137.66 3 0
github.com/SyahrulBhudiF/Go_gRPC/internal/domain/mocks/mock_UserRepository.go:137.66,139.3 1 0
github.com/SyahrulBhudiF/Go_gRPC/internal/domain/mocks/mock_UserRepository.go:140.2,140.57 1 0
github.com/SyahrulBhudiF/Go_gRPC/internal/domain/mocks/mock_UserRepository.go:140.57,142.3 1 0
github.com/SyahrulBhudiF/Go_gRPC/internal/domain/mocks/mock_UserRepository.go:142.8,143.24 1 0
github.com/SyahrulBhudiF/Go_gRPC/internal/domain/mocks/mock_UserRepository.go:143.24,145.4 1 0
github.com/SyahrulBhudiF/Go_gRPC/internal/domain/mocks/mock_UserRepository.go:148.2,148.50 1 0
github.com/SyahrulBhudiF/Go_gRPC/internal/domain/mocks/mock_UserRepository.go:148.50,150.3 1 0
github.com/SyahrulBhudiF/Go_gRPC/internal/domain/mocks/mock_UserRepository.go:150.8,152.3 1 0
github.com/SyahrulBhudiF/Go_gRPC/internal/domain/mocks/mock_UserRepository.go:154.2,154.15 1 0
github.com/SyahrulBhudiF/Go_gRPC/internal/domain/mocks/mock_UserRepository.go:164.97,166.2 1 0
github.com/SyahrulBhudiF/Go_gRPC/internal/domain/mocks/mock_UserRepository.go:168.101,169.40 1 0
github.com/SyahrulBhudiF/Go_gRPC/internal/domain/mocks/mock_UserRepository.go:169.40,171.3 1 0
github.com/SyahrulBhudiF/Go_gRPC/internal/domain/mocks/mock_UserRepository.go:172.2,172.11 1 0
github.com/SyahrulBhudiF/Go_gRPC/internal/domain/mocks/mock_UserRepository.go:175.113,178.2 2 0
github.com/SyahrulBhudiF/Go_gRPC/internal/domain/mocks/mock_UserRepository.go:180.129,183.2 2 0
github.com/SyahrulBhudiF/Go_gRPC/internal/domain/mocks/mock_UserRepository.go:186.79,189.19 2 0
github.com/SyahrulBhudiF/Go_gRPC/internal/domain/mocks/mock_UserRepository.go:189.19,190.48 1 0
github.com/SyahrulBhudiF/Go_gRPC/internal/domain/mocks/mock_UserRepository.go:193.2,195.73 3 0
github.com/SyahrulBhudiF/Go_gRPC/internal/domain/mocks/mock_UserRepository.go:195.73,197.3 1 0
github.com/SyahrulBhudiF/Go_gRPC/internal/domain/mocks/mock_UserRepository.go:198.2,198.64 1 0
github.com/SyahrulBhudiF/Go_gRPC/internal/domain/mocks/mock_UserRepository.go:198.64,200.3 1 0
github.com/SyahrulBhudiF/Go_gRPC/internal/domain/mocks/mock_UserRepository.go:200.8,201.24 1 0
github.com/SyahrulBhudiF/Go_gRPC/internal/domain/mocks/mock_UserRepository.go:201.24,203.4 1 0
github.com/SyahrulBhudiF/Go_gRPC/internal/domain/mocks/mock_UserRepository.go:206.2,206.57 1 0
github.com/SyahrulBhudiF/Go_gRPC/internal/domain/mocks/mock_UserRepository.go:206.57,208.3 1 0
github.com/SyahrulBhudiF/Go_gRPC/internal/domain/mocks/mock_UserRepository.go:208.8,210.3 1 0
github.com/SyahrulBhudiF/Go_gRPC/internal/domain/mocks/mock_UserRepository.go:212.2,212.15 1 0
github.com/SyahrulBhudiF/Go_gRPC/internal/domain/mocks/mock_UserRepository.go:222.97,224.2 1 0
github.com/SyahrulBhudiF/Go_gRPC/internal/domain/mocks/mock_UserRepository.go:226.108,227.40 1 0
github.com/SyahrulBhudiF/Go_gRPC/internal/domain/mocks/mock_UserRepository.go:227.40,229.3 1 0
github.com/SyahrulBhudiF/Go_gRPC/internal/domain/mocks/mock_UserRepository.go:230.2,230.11 1 0
github.com/SyahrulBhudiF/Go_gRPC/internal/domain/mocks/mock_UserRepository.go:233.111,236.2 2 0
github.com/SyahrulBhudiF/Go_gRPC/internal/domain/mocks/mock_UserRepository.go:238.134,241.2 2 0
github.com/SyahrulBhudiF/Go_gRPC/internal/domain/mocks/mock_UserRepository.go:248.24,252.19 3 0
github.com/SyahrulBhudiF/Go_gRPC/internal/domain/mocks/mock_UserRepository.go:252.19,252.49 1 0
github.com/SyahrulBhudiF/Go_gRPC/internal/domain/mocks/mock_UserRepository.go:254.2,254.13 1 0
github.com/SyahrulBhudiF/Go_gRPC/internal/domain/mocks/mock_UserUseCase.go:19.63,21.2 1 0
github.com/SyahrulBhudiF/Go_gRPC/internal/domain/mocks/mock_UserUseCase.go:24.84,27.19 2 0
github.com/SyahrulBhudiF/Go_gRPC/internal/domain/mocks/mock_UserUseCase.go:27.19,28.48 1 0
github.com/SyahrulBhudiF/Go_gRPC/internal/domain/mocks/mock_UserUseCase.go:31.2,33.75 3 0
github.com/SyahrulBhudiF/Go_gRPC/internal/domain/mocks/mock_UserUseCase.go:33.75,35.3 1 0
github.com/SyahrulBhudiF/Go_gRPC/internal/domain/mocks/mock_UserUseCase.go:36.2,36.66 1 0
github.com/SyahrulBhudiF/Go_gRPC/internal/domain/mocks/mock_UserUseCase.go:36.66,38.3 1 0
github.com/SyahrulBhudiF/Go_gRPC/internal/domain/mocks/mock_UserUseCase.go:38.8,39.24 1 0
github.com/SyahrulBhudiF/Go_gRPC/internal/domain/mocks/mock_UserUseCase.go:39.24,41.4 1 0
github.com/SyahrulBhudiF/Go_gRPC/internal/domain/mocks/mock_UserUseCase.go:44.2,44.59 1 0
github.com/SyahrulBhudiF/Go_gRPC/internal/domain/mocks/mock_UserUseCase.go:44.59,46.3 1 0
github.com/SyahrulBhudiF/Go_gRPC/internal/domain/mocks/mock_UserUseCase.go:46.8,48.3 1 0
github.com/SyahrulBhudiF/Go_gRPC/internal/domain/mocks/mock_UserUseCase.go:50.2,50.15 1 0
github.com/SyahrulBhudiF/Go_gRPC/internal/domain/mocks/mock_UserUseCase.go:61.110,63.2 1 0
github.com/SyahrulBhudiF/Go_gRPC/internal/domain/mocks/mock_UserUseCase.go:65.110,66.40 1 0
github.com/SyahrulBhudiF/Go_gRPC/internal/domain/mocks/mock_UserUseCase.go:66.40,68.3 1 0
github.com/SyahrulBhudiF/Go_gRPC/internal/domain/mocks/mock_UserUseCase.go:69.2,69.11 1 0
github.com/SyahrulBhudiF/Go_gRPC/internal/domain/mocks/mock_UserUseCase.go:72.105,75.2 2 0
github.com/SyahrulBhudiF/Go_gRPC/internal/domain/mocks/mock_UserUseCase.go:77.130,80.2 2 0
github.com/SyahrulBhudiF/Go_gRPC/internal/domain/mocks/mock_UserUseCase.go:83.51,86.19 2 0
github.com/SyahrulBhudiF/Go_gRPC/internal/domain/mocks/mock_UserUseCase.go:86.19,87.48 1 0
github.com/SyahrulBhudiF/Go_gRPC/internal/domain/mocks/mock_UserUseCase.go:90.2,91.50 2 0
github.com/SyahrulBhudiF/Go_gRPC/internal/domain/mocks/mock_UserUseCase.go:91.50,93.3 1 0
github.com/SyahrulBhudiF/Go_gRPC/internal/domain/mocks/mock_UserUseCase.go:93.8,95.3 1 0
github.com/SyahrulBhudiF/Go_gRPC/internal/domain/mocks/mock_UserUseCase.go:97.2,97.11 1 0
github.com/SyahrulBhudiF/Go_gRPC/internal/domain/mocks/mock_UserUseCase.go:107.89,109.2 1 0
github.com/SyahrulBhudiF/Go_gRPC/internal/domain/mocks/mock_UserUseCase.go:111.93,112.40 1 0
github.com/SyahrulBhudiF/Go_gRPC/internal/domain/mocks/mock_UserUseCase.go:112.40,114.3 1 0
github.com/SyahrulBhudiF/Go_gRPC/internal/domain/mocks/mock_UserUseCase.go:115.2,115.11 1 0
github.com/SyahrulBhudiF/Go_gRPC/internal/domain/mocks/mock_UserUseCase.go:118.87,121.2 2 0
github.com/SyahrulBhudiF/Go_gRPC/internal/domain/mocks/mock_UserUseCase.go:123.105,126.2 2 0
github.com/SyahrulBhudiF/Go_gRPC/internal/domain/mocks/mock_UserUseCase.go:129.68,132.19 2 0
github.com/SyahrulBhudiF/Go_gRPC/internal/domain/mocks/mock_UserUseCase.go:132.19,133.49 1 0
github.com/SyahrulBhudiF/Go_gRPC/internal/domain/mocks/mock_UserUseCase.go:136.2,138.66 3 0
github.com/SyahrulBhudiF/Go_gRPC/internal/domain/mocks/mock_UserUseCase.go:138.66,140.3 1 0
github.com/SyahrulBhudiF/Go_gRPC/internal/domain/mocks/mock_UserUseCase.go:141.2,141.57 1 0
github.com/SyahrulBhudiF/Go_gRPC/internal/domain/mocks/mock_UserUseCase.go:141.57,143.3 1 0
github.com/SyahrulBhudiF/Go_gRPC/internal/domain/mocks/mock_UserUseCase.go:143.8,144.24 1 0
github.com/SyahrulBhudiF/Go_gRPC/internal/domain/mocks/mock_UserUseCase.go:144.24,146.4 1 0
github.com/SyahrulBhudiF/Go_gRPC/internal/domain/mocks/mock_UserUseCase.go:149.2,149.50 1 0
github.com/SyahrulBhudiF/Go_gRPC/internal/domain/mocks/mock_UserUseCase.go:149.50,151.3 1 0
github.com/SyahrulBhudiF/Go_gRPC/internal/domain/mocks/mock_UserUseCase.go:151.8,153.3 1 0
github.com/SyahrulBhudiF/Go_gRPC/internal/domain/mocks/mock_UserUseCase.go:155.2,155.15 1 0
github.com/SyahrulBhudiF/Go_gRPC/internal/domain/mocks/mock_UserUseCase.go:165.91,167.2 1 0
github.com/SyahrulBhudiF/Go_gRPC/internal/domain/mocks/mock_UserUseCase.go:169.95,170.40 1 0
github.com/SyahrulBhudiF/Go_gRPC/internal/domain/mocks/mock_UserUseCase.go:170.40,172.3 1 0
github.com/SyahrulBhudiF/Go_gRPC/internal/domain/mocks/mock_UserUseCase.go:173.2,173.11 1 0
github.com/SyahrulBhudiF/Go_gRPC/internal/domain/mocks/mock_UserUseCase.go:176.107,179.2 2 0
github.com/SyahrulBhudiF/Go_gRPC/internal/domain/mocks/mock_UserUseCase.go:181.123,184.2 2 0
github.com/SyahrulBhudiF/Go_gRPC/internal/domain/mocks/mock_UserUseCase.go:187.94,190.19 2 0
github.com/SyahrulBhudiF/Go_gRPC/internal/domain/mocks/mock_UserUseCase.go:190.19,191.48 1 0
github.com/SyahrulBhudiF/Go_gRPC/internal/domain/mocks/mock_UserUseCase.go:194.2,196.82 3 0
github.com/SyahrulBhudiF/Go_gRPC/internal/domain/mocks/mock_UserUseCase.go:196.82,198.3 1 0
github.com/SyahrulBhudiF/Go_gRPC/internal/domain/mocks/mock_UserUseCase.go:199.2,199.73 1 0
github.com/SyahrulBhudiF/Go_gRPC/internal/domain/mocks/mock_UserUseCase.go:199.73,201.3 1 0
github.com/SyahrulBhudiF/Go_gRPC/internal/domain/mocks/mock_UserUseCase.go:201.8,202.24 1 0
github.com/SyahrulBhudiF/Go_gRPC/internal/domain/mocks/mock_UserUseCase.go:202.24,204.4 1 0
github.com/SyahrulBhudiF/Go_gRPC/internal/domain/mocks/mock_UserUseCase.go:207.2,207.66 1 0
github.com/SyahrulBhudiF/Go_gRPC/internal/domain/mocks/mock_UserUseCase.go:207.66,209.3 1 0
github.com/SyahrulBhudiF/Go_gRPC/internal/domain/mocks/mock_UserUseCase.go:209.8,211.3 1 0
github.com/SyahrulBhudiF/Go_gRPC/internal/domain/mocks/mock_UserUseCase.go:213.2,213.15 1 0
github.com/SyahrulBhudiF/Go_gRPC/internal/domain/mocks/mock_UserUseCase.go:225.126,227.2 1 0
github.com/SyahrulBhudiF/Go_gRPC/internal/domain/mocks/mock_UserUseCase.go:229.120,230.40 1 0
github.com/SyahrulBhudiF/Go_gRPC/internal/domain/mocks/mock_UserUseCase.go:230.40,232.3 1 0
github.com/SyahrulBhudiF/Go_gRPC/internal/domain/mocks/mock_UserUseCase.go:233.2,233.11 1 0
github.com/SyahrulBhudiF/Go_gRPC/internal/domain/mocks/mock_UserUseCase.go:236.105,239.2 2 0
github.com/SyahrulBhudiF/Go_gRPC/internal/domain/mocks/mock_UserUseCase.go:241.137,244.2 2 0
github.com/SyahrulBhudiF/Go_gRPC/internal/domain/mocks/mock_UserUseCase.go:251.21,255.19 3 0
github.com/SyahrulBhudiF/Go_gRPC/internal/domain/mocks/mock_UserUseCase.go:255.19,255.49 1 0
github.com/SyahrulBhudiF/Go_gRPC/internal/domain/mocks/mock_UserUseCase.go:257.2,257.13 1 0
github.com/SyahrulBhudiF/Go_gRPC/internal/delivery/grpc/proto/user.pb.go:32.24,37.2 4 0
github.com/SyahrulBhudiF/Go_gRPC/internal/delivery/grpc/proto/user.pb.go:39.32,41.2 1 0
github.com/SyahrulBhudiF/Go_gRPC/internal/delivery/grpc/proto/user.pb.go:43.30,43.31 0 0
github.com/SyahrulBhudiF/Go_gRPC/internal/delivery/grpc/proto/user.pb.go:45.52,47.14 2 0
github.com/SyahrulBhudiF/Go_gRPC/internal/delivery/grpc/proto/user.pb.go:47.14,49.34 2 0
github.com/SyahrulBhudiF/Go_gRPC/internal/delivery/grpc/proto/user.pb.go:49.34,51.4 1 0
github.com/SyahrulBhudiF/Go_gRPC/internal/delivery/grpc/proto/user.pb.go:52.3,52.12 1 0
github.com/SyahrulBhudiF/Go_gRPC/internal/delivery/grpc/proto/user.pb.go:54.2,54.24 1 0
github.com/SyahrulBhudiF/Go_gRPC/internal/delivery/grpc/proto/user.pb.go:58.43,60.2 1 0
github.com/SyahrulBhudiF/Go_gRPC/internal/delivery/grpc/proto/user.pb.go:62.30,63.14 1 0
github.com/SyahrulBhudiF/Go_gRPC/internal/delivery/grpc/proto/user.pb.go:63.14,65.3 1 0
github.com/SyahrulBhudiF/Go_gRPC/internal/delivery/grpc/proto/user.pb.go:66.2,66.10 1 0
github.com/SyahrulBhudiF/Go_gRPC/internal/delivery/grpc/proto/user.pb.go:69.33,70.14 1 0
github.com/SyahrulBhudiF/Go_gRPC/internal/delivery/grpc/proto/user.pb.go:70.14,72.3 1 0
github.com/SyahrulBhudiF/Go_gRPC/internal/delivery/grpc/proto/user.pb.go:73.2,73.11 1 0
github.com/SyahrulBhudiF/Go_gRPC/internal/delivery/grpc/proto/user.pb.go:76.34,77.14 1 0
github.com/SyahrulBhudiF/Go_gRPC/internal/delivery/grpc/proto/user.pb.go:77.14,79.3 1 0
github.com/SyahrulBhudiF/Go_gRPC/internal/delivery/grpc/proto/user.pb.go:80.2,80.11 1 0
github.com/SyahrulBhudiF/Go_gRPC/internal/delivery/grpc/proto/user.pb.go:91.37,96.2 4 0
github.com/SyahrulBhudiF/Go_gRPC/internal/delivery/grpc/proto/user.pb.go:98.45,100.2 1 0
github.com/SyahrulBhudiF/Go_gRPC/internal/delivery/grpc/proto/user.pb.go:102.43,102.44 0 0
github.com/SyahrulBhudiF/Go_gRPC/internal/delivery/grpc/proto/user.pb.go:104.65,106.14 2 0
github.com/SyahrulBhudiF/Go_gRPC/internal/delivery/grpc/proto/user.pb.go:106.14,108.34 2 0
github.com/SyahrulBhudiF/Go_gRPC/internal/delivery/grpc/proto/user.pb.go:108.34,110.4 1 0
github.com/SyahrulBhudiF/Go_gRPC/internal/delivery/grpc/proto/user.pb.go:111.3,111.12 1 0
github.com/SyahrulBhudiF/Go_gRPC/internal/delivery/grpc/proto/user.pb.go:113.2,113.24 1 0
github.com/SyahrulBhudiF/Go_gRPC/internal/delivery/grpc/proto/user.pb.go:117.56,119.2 1 0
github.com/SyahrulBhudiF/Go_gRPC/internal/delivery/grpc/proto/user.pb.go:121.46,122.14 1 0
github.com/SyahrulBhudiF/Go_gRPC/internal/delivery/grpc/proto/user.pb.go:122.14,124.3 1 0
github.com/SyahrulBhudiF/Go_gRPC/internal/delivery/grpc/proto/user.pb.go:125.2,125.11 1 0
github.com/SyahrulBhudiF/Go_gRPC/internal/delivery/grpc/proto/user.pb.go:128.47,129.14 1 0
github.com/SyahrulBhudiF/Go_gRPC/internal/delivery/grpc/proto/user.pb.go:129.14,131.3 1 0
github.com/SyahrulBhudiF/Go_gRPC/internal/delivery/grpc/proto/user.pb.go:132.2,132.11 1 0
github.com/SyahrulBhudiF/Go_gRPC/internal/delivery/grpc/proto/user.pb.go:142.38,147.2 4 0
github.com/SyahrulBhudiF/Go_gRPC/internal/delivery/grpc/proto/user.pb.go:149.46,151.2 1 0
github.com/SyahrulBhudiF/Go_gRPC/internal/delivery/grpc/proto/user.pb.go:153.44,153.45 0 0
github.com/SyahrulBhudiF/Go_gRPC/internal/delivery/grpc/proto/user.pb.go:155.66,157.14 2 0
github.com/SyahrulBhudiF/Go_gRPC/internal/delivery/grpc/proto/user.pb.go:157.14,159.34 2 0
github.com/SyahrulBhudiF/Go_gRPC/internal/delivery/grpc/proto/user.pb.go:159.34,161.4 1 0
github.com/SyahrulBhudiF/Go_gRPC/internal/delivery/grpc/proto/user.pb.go:162.3,162.12 1 0
github.com/SyahrulBhudiF/Go_gRPC/internal/delivery/grpc/proto/user.pb.go:164.2,164.24 1 0
github.com/SyahrulBhudiF/Go_gRPC/internal/delivery/grpc/proto/user.pb.go:168.57,170.2 1 0
github.com/SyahrulBhudiF/Go_gRPC/internal/delivery/grpc/proto/user.pb.go:172.46,173.14 1 0
github.com/SyahrulBhudiF/Go_gRPC/internal/delivery/grpc/proto/user.pb.go:173.14,175.3 1 0
github.com/SyahrulBhudiF/Go_gRPC/internal/delivery/grpc/proto/user.pb.go:176.2,176.12 1 0
github.com/SyahrulBhudiF/Go_gRPC/internal/delivery/grpc/proto/user.pb.go:186.34,191.2 4 0
github.com/SyahrulBhudiF/Go_gRPC/internal/delivery/grpc/proto/user.pb.go:193.42,195.2 1 0
github.com/SyahrulBhudiF/Go_gRPC/internal/delivery/grpc/proto/user.pb.go:197.40,197.41 0 0
github.com/SyahrulBhudiF/Go_gRPC/internal/delivery/grpc/proto/user.pb.go:199.62,201.14 2 0
github.com/SyahrulBhudiF/Go_gRPC/internal/delivery/grpc/proto/user.pb.go:201.14,203.34 2 0
github.com/SyahrulBhudiF/Go_gRPC/internal/delivery/grpc/proto/user.pb.go:203.34,205.4 1 0
github.com/SyahrulBhudiF/Go_gRPC/internal/delivery/grpc/proto/user.pb.go:206.3,206.12 1 0
github.com/SyahrulBhudiF/Go_gRPC/internal/delivery/grpc/proto/user.pb.go:208.2,208.24 1 0
github.com/SyahrulBhudiF/Go_gRPC/internal/delivery/grpc/proto/user.pb.go:212.53,214.2 1 0
github.com/SyahrulBhudiF/Go_gRPC/internal/delivery/grpc/proto/user.pb.go:216.40,217.14 1 0
github.com/SyahrulBhudiF/Go_gRPC/internal/delivery/grpc/proto/user.pb.go:217.14,219.3 1 0
github.com/SyahrulBhudiF/Go_gRPC/internal/delivery/grpc/proto/user.pb.go:220.2,220.10 1 0
github.com/SyahrulBhudiF/Go_gRPC/internal/delivery/grpc/proto/user.pb.go:230.35,235.2 4 0
github.com/SyahrulBhudiF/Go_gRPC/internal/delivery/grpc/proto/user.pb.go:237.43,239.2 1 0
github.com/SyahrulBhudiF/Go_gRPC/internal/delivery/grpc/proto/user.pb.go:241.41,241.42 0 0
github.com/SyahrulBhudiF/Go_gRPC/internal/delivery/grpc/proto/user.pb.go:243.63,245.14 2 0
github.com/SyahrulBhudiF/Go_gRPC/internal/delivery/grpc/proto/user.pb.go:245.14,247.34 2 0
github.com/SyahrulBhudiF/Go_gRPC/internal/delivery/grpc/proto/user.pb.go:247.34,249.4 1 0
github.com/SyahrulBhudiF/Go_gRPC/internal/delivery/grpc/proto/user.pb.go:250.3,250.12 1 0
github.com/SyahrulBhudiF/Go_gRPC/internal/delivery/grpc/proto/user.pb.go:252.2,252.24 1 0
github.com/SyahrulBhudiF/Go_gRPC/internal/delivery/grpc/proto/user.pb.go:256.54,258.2 1 0
github.com/SyahrulBhudiF/Go_gRPC/internal/delivery/grpc/proto/user.pb.go:260.43,261.14 1 0
github.com/SyahrulBhudiF/Go_gRPC/internal/delivery/grpc/proto/user.pb.go:261.14,263.3 1 0
github.com/SyahrulBhudiF/Go_gRPC/internal/delivery/grpc/proto/user.pb.go:264.2,264.12 1 0
github.com/SyahrulBhudiF/Go_gRPC/internal/delivery/grpc/proto/user.pb.go:276.37,281.2 4 0
github.com/SyahrulBhudiF/Go_gRPC/internal/delivery/grpc/proto/user.pb.go:283.45,285.2 1 0
github.com/SyahrulBhudiF/Go_gRPC/internal/delivery/grpc/proto/user.pb.go:287.43,287.44 0 0
github.com/SyahrulBhudiF/Go_gRPC/internal/delivery/grpc/proto/user.pb.go:289.65,291.14 2 0
github.com/SyahrulBhudiF/Go_gRPC/internal/delivery/grpc/proto/user.pb.go:291.14,293.34 2 0
github.com/SyahrulBhudiF/Go_gRPC/internal/delivery/grpc/proto/user.pb.go:293.34,295.4 1 0
github.com/SyahrulBhudiF/Go_gRPC/internal/delivery/grpc/proto/user.pb.go:296.3,296.12 1 0
github.com/SyahrulBhudiF/Go_gRPC/internal/delivery/grpc/proto/user.pb.go:298.2,298.24 1 0
github.com/SyahrulBhudiF/Go_gRPC/internal/delivery/grpc/proto/user.pb.go:302.56,304.2 1 0
github.com/SyahrulBhudiF/Go_gRPC/internal/delivery/grpc/proto/user.pb.go:306.43,307.14 1 0
github.com/SyahrulBhudiF/Go_gRPC/internal/delivery/grpc/proto/user.pb.go:307.14,309.3 1 0
github.com/SyahrulBhudiF/Go_gRPC/internal/delivery/grpc/proto/user.pb.go:310.2,310.10 1 0
github.com/SyahrulBhudiF/Go_gRPC/internal/delivery/grpc/proto/user.pb.go:313.46,314.14 1 0
github.com/SyahrulBhudiF/Go_gRPC/internal/delivery/grpc/proto/user.pb.go:314.14,316.3 1 0
github.com/SyahrulBhudiF/Go_gRPC/internal/delivery/grpc/proto/user.pb.go:317.2,317.11 1 0
github.com/SyahrulBhudiF/Go_gRPC/internal/delivery/grpc/proto/user.pb.go:320.47,321.14 1 0
github.com/SyahrulBhudiF/Go_gRPC/internal/delivery/grpc/proto/user.pb.go:321.14,323.3 1 0
github.com/SyahrulBhudiF/Go_gRPC/internal/delivery/grpc/proto/user.pb.go:324.2,324.11 1 0
github.com/SyahrulBhudiF/Go_gRPC/internal/delivery/grpc/proto/user.pb.go:334.38,339.2 4 0
github.com/SyahrulBhudiF/Go_gRPC/internal/delivery/grpc/proto/user.pb.go:341.46,343.2 1 0
github.com/SyahrulBhudiF/Go_gRPC/internal/delivery/grpc/proto/user.pb.go:345.44,345.45 0 0
github.com/SyahrulBhudiF/Go_gRPC/internal/delivery/grpc/proto/user.pb.go:347.66,349.14 2 0
github.com/SyahrulBhudiF/Go_gRPC/internal/delivery/grpc/proto/user.pb.go:349.14,351.34 2 0
github.com/SyahrulBhudiF/Go_gRPC/internal/delivery/grpc/proto/user.pb.go:351.34,353.4 1 0
github.com/SyahrulBhudiF/Go_gRPC/internal/delivery/grpc/proto/user.pb.go:354.3,354.12 1 0
github.com/SyahrulBhudiF/Go_gRPC/internal/delivery/grpc/proto/user.pb.go:356.2,356.24 1 0
github.com/SyahrulBhudiF/Go_gRPC/internal/delivery/grpc/proto/user.pb.go:360.57,362.2 1 0
github.com/SyahrulBhudiF/Go_gRPC/internal/delivery/grpc/proto/user.pb.go:364.46,365.14 1 0
github.com/SyahrulBhudiF/Go_gRPC/internal/delivery/grpc/proto/user.pb.go:365.14,367.3 1 0
github.com/SyahrulBhudiF/Go_gRPC/internal/delivery/grpc/proto/user.pb.go:368.2,368.12 1 0
github.com/SyahrulBhudiF/Go_gRPC/internal/delivery/grpc/proto/user.pb.go:378.37,383.2 4 0
github.com/SyahrulBhudiF/Go_gRPC/internal/delivery/grpc/proto/user.pb.go:385.45,387.2 1 0
github.com/SyahrulBhudiF/Go_gRPC/internal/delivery/grpc/proto/user.pb.go:389.43,389.44 0 0
github.com/SyahrulBhudiF/Go_gRPC/internal/delivery/grpc/proto/user.pb.go:391.65,393.14 2 0
github.com/SyahrulBhudiF/Go_gRPC/internal/delivery/grpc/proto/user.pb.go:393.14,395.34 2 0
github.com/SyahrulBhudiF/Go_gRPC/internal/delivery/grpc/proto/user.pb.go:395.34,397.4 1 0
github.com/SyahrulBhudiF/Go_gRPC/internal/delivery/grpc/proto/user.pb.go:398.3,398.12 1 0
github.com/SyahrulBhudiF/Go_gRPC/internal/delivery/grpc/proto/user.pb.go:400.2,400.24 1 0
github.com/SyahrulBhudiF/Go_gRPC/internal/delivery/grpc/proto/user.pb.go:404.56,406.2 1 0
github.com/SyahrulBhudiF/Go_gRPC/internal/delivery/grpc/proto/user.pb.go:408.43,409.14 1 0
github.com/SyahrulBhudiF/Go_gRPC/internal/delivery/grpc/proto/user.pb.go:409.14,411.3 1 0
github.com/SyahrulBhudiF/Go_gRPC/internal/delivery/grpc/proto/user.pb.go:412.2,412.10 1 0
github.com/SyahrulBhudiF/Go_gRPC/internal/delivery/grpc/proto/user.pb.go:422.38,427.2 4 0
github.com/SyahrulBhudiF/Go_gRPC/internal/delivery/grpc/proto/user.pb.go:429.46,431.2 1 0
github.com/SyahrulBhudiF/Go_gRPC/internal/delivery/grpc/proto/user.pb.go:433.44,433.45 0 0
github.com/SyahrulBhudiF/Go_gRPC/internal/delivery/grpc/proto/user.pb.go:435.66,437.14 2 0
github.com/SyahrulBhudiF/Go_gRPC/internal/delivery/grpc/proto/user.pb.go:437.14,439.34 2 0
github.com/SyahrulBhudiF/Go_gRPC/internal/delivery/grpc/proto/user.pb.go:439.34,441.4 1 0
github.com/SyahrulBhudiF/Go_gRPC/internal/delivery/grpc/proto/user.pb.go:442.3,442.12 1 0
github.com/SyahrulBhudiF/Go_gRPC/internal/delivery/grpc/proto/user.pb.go:444.2,444.24 1 0
github.com/SyahrulBhudiF/Go_gRPC/internal/delivery/grpc/proto/user.pb.go:448.57,450.2 1 0
github.com/SyahrulBhudiF/Go_gRPC/internal/delivery/grpc/proto/user.pb.go:452.48,453.14 1 0
github.com/SyahrulBhudiF/Go_gRPC/internal/delivery/grpc/proto/user.pb.go:453.14,455.3 1 0
github.com/SyahrulBhudiF/Go_gRPC/internal/delivery/grpc/proto/user.pb.go:456.2,456.14 1 0
github.com/SyahrulBhudiF/Go_gRPC/internal/delivery/grpc/proto/user.pb.go:522.72,523.69 1 0
github.com/SyahrulBhudiF/Go_gRPC/internal/delivery/grpc/proto/user.pb.go:523.69,525.3 1 0
github.com/SyahrulBhudiF/Go_gRPC/internal/delivery/grpc/proto/user.pb.go:526.2,526.65 1 0
github.com/SyahrulBhudiF/Go_gRPC/internal/delivery/grpc/proto/user.pb.go:560.13,560.68 1 0
github.com/SyahrulBhudiF/Go_gRPC/internal/delivery/grpc/proto/user.pb.go:561.58,562.57 1 0
github.com/SyahrulBhudiF/Go_gRPC/internal/delivery/grpc/proto/user.pb.go:562.57,564.3 1 0
github.com/SyahrulBhudiF/Go_gRPC/internal/delivery/grpc/proto/user.pb.go:565.2,582.60 6 0
github.com/SyahrulBhudiF/Go_gRPC/internal/delivery/grpc/proto/user_grpc.pb.go:42.74,44.2 1 0
github.com/SyahrulBhudiF/Go_gRPC/internal/delivery/grpc/proto/user_grpc.pb.go:46.138,50.16 4 0
github.com/SyahrulBhudiF/Go_gRPC/internal/delivery/grpc/proto/user_grpc.pb.go:50.16,52.3 1 0
github.com/SyahrulBhudiF/Go_gRPC/internal/delivery/grpc/proto/user_grpc.pb.go:53.2,53.17 1 0
github.com/SyahrulBhudiF/Go_gRPC/internal/delivery/grpc/proto/user_grpc.pb.go:56.129,60.16 4 0
github.com/SyahrulBhudiF/Go_gRPC/internal/delivery/grpc/proto/user_grpc.pb.go:60.16,62.3 1 0
github.com/SyahrulBhudiF/Go_gRPC/internal/delivery/grpc/proto/user_grpc.pb.go:63.2,63.17 1 0
github.com/SyahrulBhudiF/Go_gRPC/internal/delivery/grpc/proto/user_grpc.pb.go:66.138,70.16 4 0
github.com/SyahrulBhudiF/Go_gRPC/internal/delivery/grpc/proto/user_grpc.pb.go:70.16,72.3 1 0
github.com/SyahrulBhudiF/Go_gRPC/internal/delivery/grpc/proto/user_grpc.pb.go:73.2,73.17 1 0
github.com/SyahrulBhudiF/Go_gRPC/internal/delivery/grpc/proto/user_grpc.pb.go:76.138,80.16 4 0
github.com/SyahrulBhudiF/Go_gRPC/internal/delivery/grpc/proto/user_grpc.pb.go:80.16,82.3 1 0
github.com/SyahrulBhudiF/Go_gRPC/internal/delivery/grpc/proto/user_grpc.pb.go:83.2,83.17 1 0
github.com/SyahrulBhudiF/Go_gRPC/internal/delivery/grpc/proto/user_grpc.pb.go:104.116,106.2 1 0
github.com/SyahrulBhudiF/Go_gRPC/internal/delivery/grpc/proto/user_grpc.pb.go:107.107,109.2 1 0
github.com/SyahrulBhudiF/Go_gRPC/internal/delivery/grpc/proto/user_grpc.pb.go:110.116,112.2 1 0
github.com/SyahrulBhudiF/Go_gRPC/internal/delivery/grpc/proto/user_grpc.pb.go:113.116,115.2 1 0
github.com/SyahrulBhudiF/Go_gRPC/internal/delivery/grpc/proto/user_grpc.pb.go:116.82,116.83 0 0
github.com/SyahrulBhudiF/Go_gRPC/internal/delivery/grpc/proto/user_grpc.pb.go:117.82,117.83 0 0
github.com/SyahrulBhudiF/Go_gRPC/internal/delivery/grpc/proto/user_grpc.pb.go:126.80,131.59 1 0
github.com/SyahrulBhudiF/Go_gRPC/internal/delivery/grpc/proto/user_grpc.pb.go:131.59,133.3 1 0
github.com/SyahrulBhudiF/Go_gRPC/internal/delivery/grpc/proto/user_grpc.pb.go:134.2,134.50 1 0
github.com/SyahrulBhudiF/Go_gRPC/internal/delivery/grpc/proto/user_grpc.pb.go:137.167,139.32 2 0
github.com/SyahrulBhudiF/Go_gRPC/internal/delivery/grpc/proto/user_grpc.pb.go:139.32,141.3 1 0
github.com/SyahrulBhudiF/Go_gRPC/internal/delivery/grpc/proto/user_grpc.pb.go:142.2,142.24 1 0
github.com/SyahrulBhudiF/Go_gRPC/internal/delivery/grpc/proto/user_grpc.pb.go:142.24,144.3 1 0
github.com/SyahrulBhudiF/Go_gRPC/internal/delivery/grpc/proto/user_grpc.pb.go:145.2,149.77 2 0
github.com/SyahrulBhudiF/Go_gRPC/internal/delivery/grpc/proto/user_grpc.pb.go:149.77,151.3 1 0
github.com/SyahrulBhudiF/Go_gRPC/internal/delivery/grpc/proto/user_grpc.pb.go:152.2,152.44 1 0
github.com/SyahrulBhudiF/Go_gRPC/internal/delivery/grpc/proto/user_grpc.pb.go:155.164,157.32 2 0
github.com/SyahrulBhudiF/Go_gRPC/internal/delivery/grpc/proto/user_grpc.pb.go:157.32,159.3 1 0
github.com/SyahrulBhudiF/Go_gRPC/internal/delivery/grpc/proto/user_grpc.pb.go:160.2,160.24 1 0
github.com/SyahrulBhudiF/Go_gRPC/internal/delivery/grpc/proto/user_grpc.pb.go:160.24,162.3 1 0
github.com/SyahrulBhudiF/Go_gRPC/internal/delivery/grpc/proto/user_grpc.pb.go:163.2,167.77 2 0
github.com/SyahrulBhudiF/Go_gRPC/internal/delivery/grpc/proto/user_grpc.pb.go:167.77,169.3 1 0
github.com/SyahrulBhudiF/Go_gRPC/internal/delivery/grpc/proto/user_grpc.pb.go:170.2,170.44 1 0
github.com/SyahrulBhudiF/Go_gRPC/internal/delivery/grpc/proto/user_grpc.pb.go:173.167,175.32 2 0
github.com/SyahrulBhudiF/Go_gRPC/internal/delivery/grpc/proto/user_grpc.pb.go:175.32,177.3 1 0
github.com/SyahrulBhudiF/Go_gRPC/internal/delivery/grpc/proto/user_grpc.pb.go:178.2,178.24 1 0
github.com/SyahrulBhudiF/Go_gRPC/internal/delivery/grpc/proto/user_grpc.pb.go:178.24,180.3 1 0
github.com/SyahrulBhudiF/Go_gRPC/internal/delivery/grpc/proto/user_grpc.pb.go:181.2,185.77 2 0
github.com/SyahrulBhudiF/Go_gRPC/internal/delivery/grpc/proto/user_grpc.pb.go:185.77,187.3 1 0
github.com/SyahrulBhudiF/Go_gRPC/internal/delivery/grpc/proto/user_grpc.pb.go:188.2,188.44 1 0
github.com/SyahrulBhudiF/Go_gRPC/internal/delivery/grpc/proto/user_grpc.pb.go:191.167,193.32 2 0
github.com/SyahrulBhudiF/Go_gRPC/internal/delivery/grpc/proto/user_grpc.pb.go:193.32,195.3 1 0
github.com/SyahrulBhudiF/Go_gRPC/internal/delivery/grpc/proto/user_grpc.pb.go:196.2,196.24 1 0
github.com/SyahrulBhudiF/Go_gRPC/internal/delivery/grpc/proto/user_grpc.pb.go:196.24,198.3 1 0
github.com/SyahrulBhudiF/Go_gRPC/internal/delivery/grpc/proto/user_grpc.pb.go:199.2,203.77 2 0
github.com/SyahrulBhudiF/Go_gRPC/internal/delivery/grpc/proto/user_grpc.pb.go:203.77,205.3 1 0
github.com/SyahrulBhudiF/Go_gRPC/internal/delivery/grpc/proto/user_grpc.pb.go:206.2,206.44 1 0
github.com/SyahrulBhudiF/Go_gRPC/internal/domain/mocks/mock_UserRepository.go:19.69,21.2 1 1
github.com/SyahrulBhudiF/Go_gRPC/internal/domain/mocks/mock_UserRepository.go:24.79,27.19 2 1
github.com/SyahrulBhudiF/Go_gRPC/internal/domain/mocks/mock_UserRepository.go:27.19,28.48 1 0
github.com/SyahrulBhudiF/Go_gRPC/internal/domain/mocks/mock_UserRepository.go:31.2,33.73 3 1
github.com/SyahrulBhudiF/Go_gRPC/internal/domain/mocks/mock_UserRepository.go:33.73,35.3 1 0
github.com/SyahrulBhudiF/Go_gRPC/internal/domain/mocks/mock_UserRepository.go:36.2,36.64 1 1
github.com/SyahrulBhudiF/Go_gRPC/internal/domain/mocks/mock_UserRepository.go:36.64,38.3 1 0
github.com/SyahrulBhudiF/Go_gRPC/internal/domain/mocks/mock_UserRepository.go:38.8,39.24 1 1
github.com/SyahrulBhudiF/Go_gRPC/internal/domain/mocks/mock_UserRepository.go:39.24,41.4 1 1
github.com/SyahrulBhudiF/Go_gRPC/internal/domain/mocks/mock_UserRepository.go:44.2,44.57 1 1
github.com/SyahrulBhudiF/Go_gRPC/internal/domain/mocks/mock_UserRepository.go:44.57,46.3 1 0
github.com/SyahrulBhudiF/Go_gRPC/internal/domain/mocks/mock_UserRepository.go:46.8,48.3 1 1
github.com/SyahrulBhudiF/Go_gRPC/internal/domain/mocks/mock_UserRepository.go:50.2,50.15 1 1
github.com/SyahrulBhudiF/Go_gRPC/internal/domain/mocks/mock_UserRepository.go:60.97,62.2 1 1
github.com/SyahrulBhudiF/Go_gRPC/internal/domain/mocks/mock_UserRepository.go:64.108,65.40 1 0
github.com/SyahrulBhudiF/Go_gRPC/internal/domain/mocks/mock_UserRepository.go:65.40,67.3 1 0
github.com/SyahrulBhudiF/Go_gRPC/internal/domain/mocks/mock_UserRepository.go:68.2,68.11 1 0
github.com/SyahrulBhudiF/Go_gRPC/internal/domain/mocks/mock_UserRepository.go:71.111,74.2 2 1
github.com/SyahrulBhudiF/Go_gRPC/internal/domain/mocks/mock_UserRepository.go:76.134,79.2 2 0
github.com/SyahrulBhudiF/Go_gRPC/internal/domain/mocks/mock_UserRepository.go:82.54,85.19 2 0
github.com/SyahrulBhudiF/Go_gRPC/internal/domain/mocks/mock_UserRepository.go:85.19,86.48 1 0
github.com/SyahrulBhudiF/Go_gRPC/internal/domain/mocks/mock_UserRepository.go:89.2,90.50 2 0
github.com/SyahrulBhudiF/Go_gRPC/internal/domain/mocks/mock_UserRepository.go:90.50,92.3 1 0
github.com/SyahrulBhudiF/Go_gRPC/internal/domain/mocks/mock_UserRepository.go:92.8,94.3 1 0
github.com/SyahrulBhudiF/Go_gRPC/internal/domain/mocks/mock_UserRepository.go:96.2,96.11 1 0
github.com/SyahrulBhudiF/Go_gRPC/internal/domain/mocks/mock_UserRepository.go:106.95,108.2 1 0
github.com/SyahrulBhudiF/Go_gRPC/internal/domain/mocks/mock_UserRepository.go:110.99,111.40 1 0
github.com/SyahrulBhudiF/Go_gRPC/internal/domain/mocks/mock_UserRepository.go:111.40,113.3 1 0
github.com/SyahrulBhudiF/Go_gRPC/internal/domain/mocks/mock_UserRepository.go:114.2,114.11 1 0
github.com/SyahrulBhudiF/Go_gRPC/internal/domain/mocks/mock_UserRepository.go:117.93,120.2 2 0
github.com/SyahrulBhudiF/Go_gRPC/internal/domain/mocks/mock_UserRepository.go:122.111,125.2 2 0
github.com/SyahrulBhudiF/Go_gRPC/internal/domain/mocks/mock_UserRepository.go:128.71,131.19 2 0
github.com/SyahrulBhudiF/Go_gRPC/internal/domain/mocks/mock_UserRepository.go:131.19,132.49 1 0
github.com/SyahrulBhudiF/Go_gRPC/internal/domain/mocks/mock_UserRepository.go:135.2,137.66 3 0
github.com/SyahrulBhudiF/Go_gRPC/internal/domain/mocks/mock_UserRepository.go:137.66,139.3 1 0
github.com/SyahrulBhudiF/Go_gRPC/internal/domain/mocks/mock_UserRepository.go:140.2,140.57 1 0
github.com/SyahrulBhudiF/Go_gRPC/internal/domain/mocks/mock_UserRepository.go:140.57,142.3 1 0
github.com/SyahrulBhudiF/Go_gRPC/internal/domain/mocks/mock_UserRepository.go:142.8,143.24 1 0
github.com/SyahrulBhudiF/Go_gRPC/internal/domain/mocks/mock_UserRepository.go:143.24,145.4 1 0
github.com/SyahrulBhudiF/Go_gRPC/internal/domain/mocks/mock_UserRepository.go:148.2,148.50 1 0
github.com/SyahrulBhudiF/Go_gRPC/internal/domain/mocks/mock_UserRepository.go:148.50,150.3 1 0
github.com/SyahrulBhudiF/Go_gRPC/internal/domain/mocks/mock_UserRepository.go:150.8,152.3 1 0
github.com/SyahrulBhudiF/Go_gRPC/internal/domain/mocks/mock_UserRepository.go:154.2,154.15 1 0
github.com/SyahrulBhudiF/Go_gRPC/internal/domain/mocks/mock_UserRepository.go:164.97,166.2 1 0
github.com/SyahrulBhudiF/Go_gRPC/internal/domain/mocks/mock_UserRepository.go:168.101,169.40 1 0
github.com/SyahrulBhudiF/Go_gRPC/internal/domain/mocks/mock_UserRepository.go:169.40,171.3 1 0
github.com/SyahrulBhudiF/Go_gRPC/internal/domain/mocks/mock_UserRepository.go:172.2,172.11 1 0
github.com/SyahrulBhudiF/Go_gRPC/internal/domain/mocks/mock_UserRepository.go:175.113,178.2 2 0
github.com/SyahrulBhudiF/Go_gRPC/internal/domain/mocks/mock_UserRepository.go:180.129,183.2 2 0
github.com/SyahrulBhudiF/Go_gRPC/internal/domain/mocks/mock_UserRepository.go:186.79,189.19 2 0
github.com/SyahrulBhudiF/Go_gRPC/internal/domain/mocks/mock_UserRepository.go:189.19,190.48 1 0
github.com/SyahrulBhudiF/Go_gRPC/internal/domain/mocks/mock_UserRepository.go:193.2,195.73 3 0
github.com/SyahrulBhudiF/Go_gRPC/internal/domain/mocks/mock_UserRepository.go:195.73,197.3 1 0
github.com/SyahrulBhudiF/Go_gRPC/internal/domain/mocks/mock_UserRepository.go:198.2,198.64 1 0
github.com/SyahrulBhudiF/Go_gRPC/internal/domain/mocks/mock_UserRepository.go:198.64,200.3 1 0
github.com/SyahrulBhudiF/Go_gRPC/internal/domain/mocks/mock_UserRepository.go:200.8,201.24 1 0
github.com/SyahrulBhudiF/Go_gRPC/internal/domain/mocks/mock_UserRepository.go:201.24,203.4 1 0
github.com/SyahrulBhudiF/Go_gRPC/internal/domain/mocks/mock_UserRepository.go:206.2,206.57 1 0
github.com/SyahrulBhudiF/Go_gRPC/internal/domain/mocks/mock_UserRepository.go:206.57,208.3 1 0
github.com/SyahrulBhudiF/Go_gRPC/internal/domain/mocks/mock_UserRepository.go:208.8,210.3 1 0
github.com/SyahrulBhudiF/Go_gRPC/internal/domain/mocks/mock_UserRepository.go:212.2,212.15 1 0
github.com/SyahrulBhudiF/Go_gRPC/internal/domain/mocks/mock_UserRepository.go:222.97,224.2 1 0
github.com/SyahrulBhudiF/Go_gRPC/internal/domain/mocks/mock_UserRepository.go:226.108,227.40 1 0
github.com/SyahrulBhudiF/Go_gRPC/internal/domain/mocks/mock_UserRepository.go:227.40,229.3 1 0
github.com/SyahrulBhudiF/Go_gRPC/internal/domain/mocks/mock_UserRepository.go:230.2,230.11 1 0
github.com/SyahrulBhudiF/Go_gRPC/internal/domain/mocks/mock_UserRepository.go:233.111,236.2 2 0
github.com/SyahrulBhudiF/Go_gRPC/internal/domain/mocks/mock_UserRepository.go:238.134,241.2 2 0
github.com/SyahrulBhudiF/Go_gRPC/internal/domain/mocks/mock_UserRepository.go:248.24,252.19 3 1
github.com/SyahrulBhudiF/Go_gRPC/internal/domain/mocks/mock_UserRepository.go:252.19,252.49 1 1
github.com/SyahrulBhudiF/Go_gRPC/internal/domain/mocks/mock_UserRepository.go:254.2,254.13 1 1
github.com/SyahrulBhudiF/Go_gRPC/internal/domain/mocks/mock_UserUseCase.go:19.63,21.2 1 0
github.com/SyahrulBhudiF/Go_gRPC/internal/domain/mocks/mock_UserUseCase.go:24.84,27.19 2 0
github.com/SyahrulBhudiF/Go_gRPC/internal/domain/mocks/mock_UserUseCase.go:27.19,28.48 1 0
github.com/SyahrulBhudiF/Go_gRPC/internal/domain/mocks/mock_UserUseCase.go:31.2,33.75 3 0
github.com/SyahrulBhudiF/Go_gRPC/internal/domain/mocks/mock_UserUseCase.go:33.75,35.3 1 0
github.com/SyahrulBhudiF/Go_gRPC/internal/domain/mocks/mock_UserUseCase.go:36.2,36.66 1 0
github.com/SyahrulBhudiF/Go_gRPC/internal/domain/mocks/mock_UserUseCase.go:36.66,38.3 1 0
github.com/SyahrulBhudiF/Go_gRPC/internal/domain/mocks/mock_UserUseCase.go:38.8,39.24 1 0
github.com/SyahrulBhudiF/Go_gRPC/internal/domain/mocks/mock_UserUseCase.go:39.24,41.4 1 0
github.com/SyahrulBhudiF/Go_gRPC/internal/domain/mocks/mock_UserUseCase.go:44.2,44.59 1 0
github.com/SyahrulBhudiF/Go_gRPC/internal/domain/mocks/mock_UserUseCase.go:44.59,46.3 1 0
github.com/SyahrulBhudiF/Go_gRPC/internal/domain/mocks/mock_UserUseCase.go:46.8,48.3 1 0
github.com/SyahrulBhudiF/Go_gRPC/internal/domain/mocks/mock_UserUseCase.go:50.2,50.15 1 0
github.com/SyahrulBhudiF/Go_gRPC/internal/domain/mocks/mock_UserUseCase.go:61.110,63.2 1 0
github.com/SyahrulBhudiF/Go_gRPC/internal/domain/mocks/mock_UserUseCase.go:65.110,66.40 1 0
github.com/SyahrulBhudiF/Go_gRPC/internal/domain/mocks/mock_UserUseCase.go:66.40,68.3 1 0
github.com/SyahrulBhudiF/Go_gRPC/internal/domain/mocks/mock_UserUseCase.go:69.2,69.11 1 0
github.com/SyahrulBhudiF/Go_gRPC/internal/domain/mocks/mock_UserUseCase.go:72.105,75.2 2 0
github.com/SyahrulBhudiF/Go_gRPC/internal/domain/mocks/mock_UserUseCase.go:77.130,80.2 2 0
github.com/SyahrulBhudiF/Go_gRPC/internal/domain/mocks/mock_UserUseCase.go:83.51,86.19 2 0
github.com/SyahrulBhudiF/Go_gRPC/internal/domain/mocks/mock_UserUseCase.go:86.19,87.48 1 0
github.com/SyahrulBhudiF/Go_gRPC/internal/domain/mocks/mock_UserUseCase.go:90.2,91.50 2 0
github.com/SyahrulBhudiF/Go_gRPC/internal/domain/mocks/mock_UserUseCase.go:91.50,93.3 1 0
github.com/SyahrulBhudiF/Go_gRPC/internal/domain/mocks/mock_UserUseCase.go:93.8,95.3 1 0
github.com/SyahrulBhudiF/Go_gRPC/internal/domain/mocks/mock_UserUseCase.go:97.2,97.11 1 0
github.com/SyahrulBhudiF/Go_gRPC/internal/domain/mocks/mock_UserUseCase.go:107.89,109.2 1 0
github.com/SyahrulBhudiF/Go_gRPC/internal/domain/mocks/mock_UserUseCase.go:111.93,112.40 1 0
github.com/SyahrulBhudiF/Go_gRPC/internal/domain/mocks/mock_UserUseCase.go:112.40,114.3 1 0
github.com/SyahrulBhudiF/Go_gRPC/internal/domain/mocks/mock_UserUseCase.go:115.2,115.11 1 0
github.com/SyahrulBhudiF/Go_gRPC/internal/domain/mocks/mock_UserUseCase.go:118.87,121.2 2 0
github.com/SyahrulBhudiF/Go_gRPC/internal/domain/mocks/mock_UserUseCase.go:123.105,126.2 2 0
github.com/SyahrulBhudiF/Go_gRPC/internal/domain/mocks/mock_UserUseCase.go:129.68,132.19 2 0
github.com/SyahrulBhudiF/Go_gRPC/internal/domain/mocks/mock_UserUseCase.go:132.19,133.49 1 0
github.com/SyahrulBhudiF/Go_gRPC/internal/domain/mocks/mock_UserUseCase.go:136.2,138.66 3 0
github.com/SyahrulBhudiF/Go_gRPC/internal/domain/mocks/mock_UserUseCase.go:138.66,140.3 1 0
github.com/SyahrulBhudiF/Go_gRPC/internal/domain/mocks/mock_UserUseCase.go:141.2,141.57 1 0
github.com/SyahrulBhudiF/Go_gRPC/internal/domain/mocks/mock_UserUseCase.go:141.57,143.3 1 0
github.com/SyahrulBhudiF/Go_gRPC/internal/domain/mocks/mock_UserUseCase.go:143.8,144.24 1 0
github.com/SyahrulBhudiF/Go_gRPC/internal/domain/mocks/mock_UserUseCase.go:144.24,146.4 1 0
github.com/SyahrulBhudiF/Go_gRPC/internal/domain/mocks/mock_UserUseCase.go:149.2,149.50 1 0
github.com/SyahrulBhudiF/Go_gRPC/internal/domain/mocks/mock_UserUseCase.go:149.50,151.3 1 0
github.com/SyahrulBhudiF/Go_gRPC/internal/domain/mocks/mock_UserUseCase.go:151.8,153.3 1 0
github.com/SyahrulBhudiF/Go_gRPC/internal/domain/mocks/mock_UserUseCase.go:155.2,155.15 1 0
github.com/SyahrulBhudiF/Go_gRPC/internal/domain/mocks/mock_UserUseCase.go:165.91,167.2 1 0
github.com/SyahrulBhudiF/Go_gRPC/internal/domain/mocks/mock_UserUseCase.go:169.95,170.40 1 0
github.com/SyahrulBhudiF/Go_gRPC/internal/domain/mocks/mock_UserUseCase.go:170.40,172.3 1 0
github.com/SyahrulBhudiF/Go_gRPC/internal/domain/mocks/mock_UserUseCase.go:173.2,173.11 1 0
github.com/SyahrulBhudiF/Go_gRPC/internal/domain/mocks/mock_UserUseCase.go:176.107,179.2 2 0
github.com/SyahrulBhudiF/Go_gRPC/internal/domain/mocks/mock_UserUseCase.go:181.123,184.2 2 0
github.com/SyahrulBhudiF/Go_gRPC/internal/domain/mocks/mock_UserUseCase.go:187.94,190.19 2 0
github.com/SyahrulBhudiF/Go_gRPC/internal/domain/mocks/mock_UserUseCase.go:190.19,191.48 1 0
github.com/SyahrulBhudiF/Go_gRPC/internal/domain/mocks/mock_UserUseCase.go:194.2,196.82 3 0
github.com/SyahrulBhudiF/Go_gRPC/internal/domain/mocks/mock_UserUseCase.go:196.82,198.3 1 0
github.com/SyahrulBhudiF/Go_gRPC/internal/domain/mocks/mock_UserUseCase.go:199.2,199.73 1 0
github.com/SyahrulBhudiF/Go_gRPC/internal/domain/mocks/mock_UserUseCase.go:199.73,201.3 1 0
github.com/SyahrulBhudiF/Go_gRPC/internal/domain/mocks/mock_UserUseCase.go:201.8,202.24 1 0
github.com/SyahrulBhudiF/Go_gRPC/internal/domain/mocks/mock_UserUseCase.go:202.24,204.4 1 0
github.com/SyahrulBhudiF/Go_gRPC/internal/domain/mocks/mock_UserUseCase.go:207.2,207.66 1 0
github.com/SyahrulBhudiF/Go_gRPC/internal/domain/mocks/mock_UserUseCase.go:207.66,209.3 1 0
github.com/SyahrulBhudiF/Go_gRPC/internal/domain/mocks/mock_UserUseCase.go:209.8,211.3 1 0
github.com/SyahrulBhudiF/Go_gRPC/internal/domain/mocks/mock_UserUseCase.go:213.2,213.15 1 0
github.com/SyahrulBhudiF/Go_gRPC/internal/domain/mocks/mock_UserUseCase.go:225.126,227.2 1 0
github.com/SyahrulBhudiF/Go_gRPC/internal/domain/mocks/mock_UserUseCase.go:229.120,230.40 1 0
github.com/SyahrulBhudiF/Go_gRPC/internal/domain/mocks/mock_UserUseCase.go:230.40,232.3 1 0
github.com/SyahrulBhudiF/Go_gRPC/internal/domain/mocks/mock_UserUseCase.go:233.2,233.11 1 0
github.com/SyahrulBhudiF/Go_gRPC/internal/domain/mocks/mock_UserUseCase.go:236.105,239.2 2 0
github.com/SyahrulBhudiF/Go_gRPC/internal/domain/mocks/mock_UserUseCase.go:241.137,244.2 2 0
github.com/SyahrulBhudiF/Go_gRPC/internal/domain/mocks/mock_UserUseCase.go:251.21,255.19 3 0
github.com/SyahrulBhudiF/Go_gRPC/internal/domain/mocks/mock_UserUseCase.go:255.19,255.49 1 0
github.com/SyahrulBhudiF/Go_gRPC/internal/domain/mocks/mock_UserUseCase.go:257.2,257.13 1 0
github.com/SyahrulBhudiF/Go_gRPC/internal/usecase/user_usecase.go:9.72,13.2 1 1
github.com/SyahrulBhudiF/Go_gRPC/internal/usecase/user_usecase.go:15.73,21.2 2 1
github.com/SyahrulBhudiF/Go_gRPC/internal/usecase/user_usecase.go:23.64,25.2 1 0
github.com/SyahrulBhudiF/Go_gRPC/internal/usecase/user_usecase.go:27.83,34.2 2 0
github.com/SyahrulBhudiF/Go_gRPC/internal/usecase/user_usecase.go:36.47,38.2 1 0
github.com/SyahrulBhudiF/Go_gRPC/internal/repository/user_repository.go:12.58,14.2 1 1
github.com/SyahrulBhudiF/Go_gRPC/internal/repository/user_repository.go:16.74,19.16 3 1
github.com/SyahrulBhudiF/Go_gRPC/internal/repository/user_repository.go:19.16,21.3 1 1
github.com/SyahrulBhudiF/Go_gRPC/internal/repository/user_repository.go:22.2,22.18 1 1
github.com/SyahrulBhudiF/Go_gRPC/internal/repository/user_repository.go:25.66,29.16 4 0
github.com/SyahrulBhudiF/Go_gRPC/internal/repository/user_repository.go:29.16,31.3 1 0
github.com/SyahrulBhudiF/Go_gRPC/internal/repository/user_repository.go:32.2,32.18 1 0
github.com/SyahrulBhudiF/Go_gRPC/internal/repository/user_repository.go:35.74,39.16 3 0
github.com/SyahrulBhudiF/Go_gRPC/internal/repository/user_repository.go:39.16,41.3 1 0
github.com/SyahrulBhudiF/Go_gRPC/internal/repository/user_repository.go:42.2,42.18 1 0
github.com/SyahrulBhudiF/Go_gRPC/internal/repository/user_repository.go:45.49,48.16 3 0
github.com/SyahrulBhudiF/Go_gRPC/internal/repository/user_repository.go:48.16,50.3 1 0
github.com/SyahrulBhudiF/Go_gRPC/internal/repository/user_repository.go:51.2,52.16 2 0
github.com/SyahrulBhudiF/Go_gRPC/internal/repository/user_repository.go:52.16,54.3 1 0
github.com/SyahrulBhudiF/Go_gRPC/internal/repository/user_repository.go:55.2,55.19 1 0
github.com/SyahrulBhudiF/Go_gRPC/internal/repository/user_repository.go:55.19,57.3 1 0
github.com/SyahrulBhudiF/Go_gRPC/internal/repository/user_repository.go:58.2,58.12 1 0
github.com/SyahrulBhudiF/Go_gRPC/internal/delivery/grpc/handler/user_handler.go:14.66,18.2 1 1
github.com/SyahrulBhudiF/Go_gRPC/internal/delivery/grpc/handler/user_handler.go:20.114,22.16 2 1
github.com/SyahrulBhudiF/Go_gRPC/internal/delivery/grpc/handler/user_handler.go:22.16,24.3 1 0
github.com/SyahrulBhudiF/Go_gRPC/internal/delivery/grpc/handler/user_handler.go:26.2,32.8 1 1
github.com/SyahrulBhudiF/Go_gRPC/internal/delivery/grpc/handler/user_handler.go:35.105,37.16 2 0
github.com/SyahrulBhudiF/Go_gRPC/internal/delivery/grpc/handler/user_handler.go:37.16,39.3 1 0
github.com/SyahrulBhudiF/Go_gRPC/internal/delivery/grpc/handler/user_handler.go:41.2,47.8 1 0
github.com/SyahrulBhudiF/Go_gRPC/internal/delivery/grpc/handler/user_handler.go:50.114,52.16 2 0
github.com/SyahrulBhudiF/Go_gRPC/internal/delivery/grpc/handler/user_handler.go:52.16,54.3 1 0
github.com/SyahrulBhudiF/Go_gRPC/internal/delivery/grpc/handler/user_handler.go:56.2,62.8 1 0
github.com/SyahrulBhudiF/Go_gRPC/internal/delivery/grpc/handler/user_handler.go:65.114,67.16 2 0
github.com/SyahrulBhudiF/Go_gRPC/internal/delivery/grpc/handler/user_handler.go:67.16,69.3 1 0
github.com/SyahrulBhudiF/Go_gRPC/internal/delivery/grpc/handler/user_handler.go:71.2,73.8 1 0
github.com/SyahrulBhudiF/Go_gRPC/internal/delivery/grpc/proto/user.pb.go:32.24,37.2 4 0
github.com/SyahrulBhudiF/Go_gRPC/internal/delivery/grpc/proto/user.pb.go:39.32,41.2 1 0
github.com/SyahrulBhudiF/Go_gRPC/internal/delivery/grpc/proto/user.pb.go:43.30,43.31 0 0
github.com/SyahrulBhudiF/Go_gRPC/internal/delivery/grpc/proto/user.pb.go:45.52,47.14 2 0
github.com/SyahrulBhudiF/Go_gRPC/internal/delivery/grpc/proto/user.pb.go:47.14,49.34 2 0
github.com/SyahrulBhudiF/Go_gRPC/internal/delivery/grpc/proto/user.pb.go:49.34,51.4 1 0
github.com/SyahrulBhudiF/Go_gRPC/internal/delivery/grpc/proto/user.pb.go:52.3,52.12 1 0
github.com/SyahrulBhudiF/Go_gRPC/internal/delivery/grpc/proto/user.pb.go:54.2,54.24 1 0
github.com/SyahrulBhudiF/Go_gRPC/internal/delivery/grpc/proto/user.pb.go:58.43,60.2 1 0
github.com/SyahrulBhudiF/Go_gRPC/internal/delivery/grpc/proto/user.pb.go:62.30,63.14 1 0
github.com/SyahrulBhudiF/Go_gRPC/internal/delivery/grpc/proto/user.pb.go:63.14,65.3 1 0
github.com/SyahrulBhudiF/Go_gRPC/internal/delivery/grpc/proto/user.pb.go:66.2,66.10 1 0
github.com/SyahrulBhudiF/Go_gRPC/internal/delivery/grpc/proto/user.pb.go:69.33,70.14 1 0
github.com/SyahrulBhudiF/Go_gRPC/internal/delivery/grpc/proto/user.pb.go:70.14,72.3 1 0
github.com/SyahrulBhudiF/Go_gRPC/internal/delivery/grpc/proto/user.pb.go:73.2,73.11 1 0
github.com/SyahrulBhudiF/Go_gRPC/internal/delivery/grpc/proto/user.pb.go:76.34,77.14 1 0
github.com/SyahrulBhudiF/Go_gRPC/internal/delivery/grpc/proto/user.pb.go:77.14,79.3 1 0
github.com/SyahrulBhudiF/Go_gRPC/internal/delivery/grpc/proto/user.pb.go:80.2,80.11 1 0
github.com/SyahrulBhudiF/Go_gRPC/internal/delivery/grpc/proto/user.pb.go:91.37,96.2 4 0
github.com/SyahrulBhudiF/Go_gRPC/internal/delivery/grpc/proto/user.pb.go:98.45,100.2 1 0
github.com/SyahrulBhudiF/Go_gRPC/internal/delivery/grpc/proto/user.pb.go:102.43,102.44 0 0
github.com/SyahrulBhudiF/Go_gRPC/internal/delivery/grpc/proto/user.pb.go:104.65,106.14 2 0
github.com/SyahrulBhudiF/Go_gRPC/internal/delivery/grpc/proto/user.pb.go:106.14,108.34 2 0
github.com/SyahrulBhudiF/Go_gRPC/internal/delivery/grpc/proto/user.pb.go:108.34,110.4 1 0
github.com/SyahrulBhudiF/Go_gRPC/internal/delivery/grpc/proto/user.pb.go:111.3,111.12 1 0
github.com/SyahrulBhudiF/Go_gRPC/internal/delivery/grpc/proto/user.pb.go:113.2,113.24 1 0
github.com/SyahrulBhudiF/Go_gRPC/internal/delivery/grpc/proto/user.pb.go:117.56,119.2 1 0
github.com/SyahrulBhudiF/Go_gRPC/internal/delivery/grpc/proto/user.pb.go:121.46,122.14 1 0
github.com/SyahrulBhudiF/Go_gRPC/internal/delivery/grpc/proto/user.pb.go:122.14,124.3 1 0
github.com/SyahrulBhudiF/Go_gRPC/internal/delivery/grpc/proto/user.pb.go:125.2,125.11 1 0
github.com/SyahrulBhudiF/Go_gRPC/internal/delivery/grpc/proto/user.pb.go:128.47,129.14 1 0
github.com/SyahrulBhudiF/Go_gRPC/internal/delivery/grpc/proto/user.pb.go:129.14,131.3 1 0
github.com/SyahrulBhudiF/Go_gRPC/internal/delivery/grpc/proto/user.pb.go:132.2,132.11 1 0
github.com/SyahrulBhudiF/Go_gRPC/internal/delivery/grpc/proto/user.pb.go:142.38,147.2 4 0
github.com/SyahrulBhudiF/Go_gRPC/internal/delivery/grpc/proto/user.pb.go:149.46,151.2 1 0
github.com/SyahrulBhudiF/Go_gRPC/internal/delivery/grpc/proto/user.pb.go:153.44,153.45 0 0
github.com/SyahrulBhudiF/Go_gRPC/internal/delivery/grpc/proto/user.pb.go:155.66,157.14 2 0
github.com/SyahrulBhudiF/Go_gRPC/internal/delivery/grpc/proto/user.pb.go:157.14,159.34 2 0
github.com/SyahrulBhudiF/Go_gRPC/internal/delivery/grpc/proto/user.pb.go:159.34,161.4 1 0
github.com/SyahrulBhudiF/Go_gRPC/internal/delivery/grpc/proto/user.pb.go:162.3,162.12 1 0
github.com/SyahrulBhudiF/Go_gRPC/internal/delivery/grpc/proto/user.pb.go:164.2,164.24 1 0
github.com/SyahrulBhudiF/Go_gRPC/internal/delivery/grpc/proto/user.pb.go:168.57,170.2 1 0
github.com/SyahrulBhudiF/Go_gRPC/internal/delivery/grpc/proto/user.pb.go:172.46,173.14 1 0
github.com/SyahrulBhudiF/Go_gRPC/internal/delivery/grpc/proto/user.pb.go:173.14,175.3 1 0
github.com/SyahrulBhudiF/Go_gRPC/internal/delivery/grpc/proto/user.pb.go:176.2,176.12 1 0
github.com/SyahrulBhudiF/Go_gRPC/internal/delivery/grpc/proto/user.pb.go:186.34,191.2 4 0
github.com/SyahrulBhudiF/Go_gRPC/internal/delivery/grpc/proto/user.pb.go:193.42,195.2 1 0
github.com/SyahrulBhudiF/Go_gRPC/internal/delivery/grpc/proto/user.pb.go:197.40,197.41 0 0
github.com/SyahrulBhudiF/Go_gRPC/internal/delivery/grpc/proto/user.pb.go:199.62,201.14 2 0
github.com/SyahrulBhudiF/Go_gRPC/internal/delivery/grpc/proto/user.pb.go:201.14,203.34 2 0
github.com/SyahrulBhudiF/Go_gRPC/internal/delivery/grpc/proto/user.pb.go:203.34,205.4 1 0
github.com/SyahrulBhudiF/Go_gRPC/internal/delivery/grpc/proto/user.pb.go:206.3,206.12 1 0
github.com/SyahrulBhudiF/Go_gRPC/internal/delivery/grpc/proto/user.pb.go:208.2,208.24 1 0
github.com/SyahrulBhudiF/Go_gRPC/internal/delivery/grpc/proto/user.pb.go:212.53,214.2 1 0
github.com/SyahrulBhudiF/Go_gRPC/internal/delivery/grpc/proto/user.pb.go:216.40,217.14 1 0
github.com/SyahrulBhudiF/Go_gRPC/internal/delivery/grpc/proto/user.pb.go:217.14,219.3 1 0
github.com/SyahrulBhudiF/Go_gRPC/internal/delivery/grpc/proto/user.pb.go:220.2,220.10 1 0
github.com/SyahrulBhudiF/Go_gRPC/internal/delivery/grpc/proto/user.pb.go:230.35,235.2 4 0
github.com/SyahrulBhudiF/Go_gRPC/internal/delivery/grpc/proto/user.pb.go:237.43,239.2 1 0
github.com/SyahrulBhudiF/Go_gRPC/internal/delivery/grpc/proto/user.pb.go:241.41,241.42 0 0
github.com/SyahrulBhudiF/Go_gRPC/internal/delivery/grpc/proto/user.pb.go:243.63,245.14 2 0
github.com/SyahrulBhudiF/Go_gRPC/internal/delivery/grpc/proto/user.pb.go:245.14,247.34 2 0
github.com/SyahrulBhudiF/Go_gRPC/internal/delivery/grpc/proto/user.pb.go:247.34,249.4 1 0
github.com/SyahrulBhudiF/Go_gRPC/internal/delivery/grpc/proto/user.pb.go:250.3,250.12 1 0
github.com/SyahrulBhudiF/Go_gRPC/internal/delivery/grpc/proto/user.pb.go:252.2,252.24 1 0
github.com/SyahrulBhudiF/Go_gRPC/internal/delivery/grpc/proto/user.pb.go:256.54,258.2 1 0
github.com/SyahrulBhudiF/Go_gRPC/internal/delivery/grpc/proto/user.pb.go:260.43,261.14 1 0
github.com/SyahrulBhudiF/Go_gRPC/internal/delivery/grpc/proto/user.pb.go:261.14,263.3 1 0
github.com/SyahrulBhudiF/Go_gRPC/internal/delivery/grpc/proto/user.pb.go:264.2,264.12 1 0
github.com/SyahrulBhudiF/Go_gRPC/internal/delivery/grpc/proto/user.pb.go:276.37,281.2 4 0
github.com/SyahrulBhudiF/Go_gRPC/internal/delivery/grpc/proto/user.pb.go:283.45,285.2 1 0
github.com/SyahrulBhudiF/Go_gRPC/internal/delivery/grpc/proto/user.pb.go:287.43,287.44 0 0
github.com/SyahrulBhudiF/Go_gRPC/internal/delivery/grpc/proto/user.pb.go:289.65,291.14 2 0
github.com/SyahrulBhudiF/Go_gRPC/internal/delivery/grpc/proto/user.pb.go:291.14,293.34 2 0
github.com/SyahrulBhudiF/Go_gRPC/internal/delivery/grpc/proto/user.pb.go:293.34,295.4 1 0
github.com/SyahrulBhudiF/Go_gRPC/internal/delivery/grpc/proto/user.pb.go:296.3,296.12 1 0
github.com/SyahrulBhudiF/Go_gRPC/internal/delivery/grpc/proto/user.pb.go:298.2,298.24 1 0
github.com/SyahrulBhudiF/Go_gRPC/internal/delivery/grpc/proto/user.pb.go:302.56,304.2 1 0
github.com/SyahrulBhudiF/Go_gRPC/internal/delivery/grpc/proto/user.pb.go:306.43,307.14 1 0
github.com/SyahrulBhudiF/Go_gRPC/internal/delivery/grpc/proto/user.pb.go:307.14,309.3 1 0
github.com/SyahrulBhudiF/Go_gRPC/internal/delivery/grpc/proto/user.pb.go:310.2,310.10 1 0
github.com/SyahrulBhudiF/Go_gRPC/internal/delivery/grpc/proto/user.pb.go:313.46,314.14 1 0
github.com/SyahrulBhudiF/Go_gRPC/internal/delivery/grpc/proto/user.pb.go:314.14,316.3 1 0
github.com/SyahrulBhudiF/Go_gRPC/internal/delivery/grpc/proto/user.pb.go:317.2,317.11 1 0
github.com/SyahrulBhudiF/Go_gRPC/internal/delivery/grpc/proto/user.pb.go:320.47,321.14 1 0
github.com/SyahrulBhudiF/Go_gRPC/internal/delivery/grpc/proto/user.pb.go:321.14,323.3 1 0
github.com/SyahrulBhudiF/Go_gRPC/internal/delivery/grpc/proto/user.pb.go:324.2,324.11 1 0
github.com/SyahrulBhudiF/Go_gRPC/internal/delivery/grpc/proto/user.pb.go:334.38,339.2 4 0
github.com/SyahrulBhudiF/Go_gRPC/internal/delivery/grpc/proto/user.pb.go:341.46,343.2 1 0
github.com/SyahrulBhudiF/Go_gRPC/internal/delivery/grpc/proto/user.pb.go:345.44,345.45 0 0
github.com/SyahrulBhudiF/Go_gRPC/internal/delivery/grpc/proto/user.pb.go:347.66,349.14 2 0
github.com/SyahrulBhudiF/Go_gRPC/internal/delivery/grpc/proto/user.pb.go:349.14,351.34 2 0
github.com/SyahrulBhudiF/Go_gRPC/internal/delivery/grpc/proto/user.pb.go:351.34,353.4 1 0
github.com/SyahrulBhudiF/Go_gRPC/internal/delivery/grpc/proto/user.pb.go:354.3,354.12 1 0
github.com/SyahrulBhudiF/Go_gRPC/internal/delivery/grpc/proto/user.pb.go:356.2,356.24 1 0
github.com/SyahrulBhudiF/Go_gRPC/internal/delivery/grpc/proto/user.pb.go:360.57,362.2 1 0
github.com/SyahrulBhudiF/Go_gRPC/internal/delivery/grpc/proto/user.pb.go:364.46,365.14 1 0
github.com/SyahrulBhudiF/Go_gRPC/internal/delivery/grpc/proto/user.pb.go:365.14,367.3 1 0
github.com/SyahrulBhudiF/Go_gRPC/internal/delivery/grpc/proto/user.pb.go:368.2,368.12 1 0
github.com/SyahrulBhudiF/Go_gRPC/internal/delivery/grpc/proto/user.pb.go:378.37,383.2 4 0
github.com/SyahrulBhudiF/Go_gRPC/internal/delivery/grpc/proto/user.pb.go:385.45,387.2 1 0
github.com/SyahrulBhudiF/Go_gRPC/internal/delivery/grpc/proto/user.pb.go:389.43,389.44 0 0
github.com/SyahrulBhudiF/Go_gRPC/internal/delivery/grpc/proto/user.pb.go:391.65,393.14 2 0
github.com/SyahrulBhudiF/Go_gRPC/internal/delivery/grpc/proto/user.pb.go:393.14,395.34 2 0
github.com/SyahrulBhudiF/Go_gRPC/internal/delivery/grpc/proto/user.pb.go:395.34,397.4 1 0
github.com/SyahrulBhudiF/Go_gRPC/internal/delivery/grpc/proto/user.pb.go:398.3,398.12 1 0
github.com/SyahrulBhudiF/Go_gRPC/internal/delivery/grpc/proto/user.pb.go:400.2,400.24 1 0
github.com/SyahrulBhudiF/Go_gRPC/internal/delivery/grpc/proto/user.pb.go:404.56,406.2 1 0
github.com/SyahrulBhudiF/Go_gRPC/internal/delivery/grpc/proto/user.pb.go:408.43,409.14 1 0
github.com/SyahrulBhudiF/Go_gRPC/internal/delivery/grpc/proto/user.pb.go:409.14,411.3 1 0
github.com/SyahrulBhudiF/Go_gRPC/internal/delivery/grpc/proto/user.pb.go:412.2,412.10 1 0
github.com/SyahrulBhudiF/Go_gRPC/internal/delivery/grpc/proto/user.pb.go:422.38,427.2 4 0
github.com/SyahrulBhudiF/Go_gRPC/internal/delivery/grpc/proto/user.pb.go:429.46,431.2 1 0
github.com/SyahrulBhudiF/Go_gRPC/internal/delivery/grpc/proto/user.pb.go:433.44,433.45 0 0
github.com/SyahrulBhudiF/Go_gRPC/internal/delivery/grpc/proto/user.pb.go:435.66,437.14 2 0
github.com/SyahrulBhudiF/Go_gRPC/internal/delivery/grpc/proto/user.pb.go:437.14,439.34 2 0
github.com/SyahrulBhudiF/Go_gRPC/internal/delivery/grpc/proto/user.pb.go:439.34,441.4 1 0
github.com/SyahrulBhudiF/Go_gRPC/internal/delivery/grpc/proto/user.pb.go:442.3,442.12 1 0
github.com/SyahrulBhudiF/Go_gRPC/internal/delivery/grpc/proto/user.pb.go:444.2,444.24 1 0
github.com/SyahrulBhudiF/Go_gRPC/internal/delivery/grpc/proto/user.pb.go:448.57,450.2 1 0
github.com/SyahrulBhudiF/Go_gRPC/internal/delivery/grpc/proto/user.pb.go:452.48,453.14 1 0
github.com/SyahrulBhudiF/Go_gRPC/internal/delivery/grpc/proto/user.pb.go:453.14,455.3 1 0
github.com/SyahrulBhudiF/Go_gRPC/internal/delivery/grpc/proto/user.pb.go:456.2,456.14 1 0
github.com/SyahrulBhudiF/Go_gRPC/internal/delivery/grpc/proto/user.pb.go:522.72,523.69 1 0
github.com/SyahrulBhudiF/Go_gRPC/internal/delivery/grpc/proto/user.pb.go:523.69,525.3 1 0
github.com/SyahrulBhudiF/Go_gRPC/internal/delivery/grpc/proto/user.pb.go:526.2,526.65 1 0
github.com/SyahrulBhudiF/Go_gRPC/internal/delivery/grpc/proto/user.pb.go:560.13,560.68 1 1
github.com/SyahrulBhudiF/Go_gRPC/internal/delivery/grpc/proto/user.pb.go:561.58,562.57 1 1
github.com/SyahrulBhudiF/Go_gRPC/internal/delivery/grpc/proto/user.pb.go:562.57,564.3 1 0
github.com/SyahrulBhudiF/Go_gRPC/internal/delivery/grpc/proto/user.pb.go:565.2,582.60 6 1
github.com/SyahrulBhudiF/Go_gRPC/internal/delivery/grpc/proto/user_grpc.pb.go:42.74,44.2 1 0
github.com/SyahrulBhudiF/Go_gRPC/internal/delivery/grpc/proto/user_grpc.pb.go:46.138,50.16 4 0
github.com/SyahrulBhudiF/Go_gRPC/internal/delivery/grpc/proto/user_grpc.pb.go:50.16,52.3 1 0
github.com/SyahrulBhudiF/Go_gRPC/internal/delivery/grpc/proto/user_grpc.pb.go:53.2,53.17 1 0
github.com/SyahrulBhudiF/Go_gRPC/internal/delivery/grpc/proto/user_grpc.pb.go:56.129,60.16 4 0
github.com/SyahrulBhudiF/Go_gRPC/internal/delivery/grpc/proto/user_grpc.pb.go:60.16,62.3 1 0
github.com/SyahrulBhudiF/Go_gRPC/internal/delivery/grpc/proto/user_grpc.pb.go:63.2,63.17 1 0
github.com/SyahrulBhudiF/Go_gRPC/internal/delivery/grpc/proto/user_grpc.pb.go:66.138,70.16 4 0
github.com/SyahrulBhudiF/Go_gRPC/internal/delivery/grpc/proto/user_grpc.pb.go:70.16,72.3 1 0
github.com/SyahrulBhudiF/Go_gRPC/internal/delivery/grpc/proto/user_grpc.pb.go:73.2,73.17 1 0
github.com/SyahrulBhudiF/Go_gRPC/internal/delivery/grpc/proto/user_grpc.pb.go:76.138,80.16 4 0
github.com/SyahrulBhudiF/Go_gRPC/internal/delivery/grpc/proto/user_grpc.pb.go:80.16,82.3 1 0
github.com/SyahrulBhudiF/Go_gRPC/internal/delivery/grpc/proto/user_grpc.pb.go:83.2,83.17 1 0
github.com/SyahrulBhudiF/Go_gRPC/internal/delivery/grpc/proto/user_grpc.pb.go:104.116,106.2 1 0
github.com/SyahrulBhudiF/Go_gRPC/internal/delivery/grpc/proto/user_grpc.pb.go:107.107,109.2 1 0
github.com/SyahrulBhudiF/Go_gRPC/internal/delivery/grpc/proto/user_grpc.pb.go:110.116,112.2 1 0
github.com/SyahrulBhudiF/Go_gRPC/internal/delivery/grpc/proto/user_grpc.pb.go:113.116,115.2 1 0
github.com/SyahrulBhudiF/Go_gRPC/internal/delivery/grpc/proto/user_grpc.pb.go:116.82,116.83 0 0
github.com/SyahrulBhudiF/Go_gRPC/internal/delivery/grpc/proto/user_grpc.pb.go:117.82,117.83 0 0
github.com/SyahrulBhudiF/Go_gRPC/internal/delivery/grpc/proto/user_grpc.pb.go:126.80,131.59 1 0
github.com/SyahrulBhudiF/Go_gRPC/internal/delivery/grpc/proto/user_grpc.pb.go:131.59,133.3 1 0
github.com/SyahrulBhudiF/Go_gRPC/internal/delivery/grpc/proto/user_grpc.pb.go:134.2,134.50 1 0
github.com/SyahrulBhudiF/Go_gRPC/internal/delivery/grpc/proto/user_grpc.pb.go:137.167,139.32 2 0
github.com/SyahrulBhudiF/Go_gRPC/internal/delivery/grpc/proto/user_grpc.pb.go:139.32,141.3 1 0
github.com/SyahrulBhudiF/Go_gRPC/internal/delivery/grpc/proto/user_grpc.pb.go:142.2,142.24 1 0
github.com/SyahrulBhudiF/Go_gRPC/internal/delivery/grpc/proto/user_grpc.pb.go:142.24,144.3 1 0
github.com/SyahrulBhudiF/Go_gRPC/internal/delivery/grpc/proto/user_grpc.pb.go:145.2,149.77 2 0
github.com/SyahrulBhudiF/Go_gRPC/internal/delivery/grpc/proto/user_grpc.pb.go:149.77,151.3 1 0
github.com/SyahrulBhudiF/Go_gRPC/internal/delivery/grpc/proto/user_grpc.pb.go:152.2,152.44 1 0
github.com/SyahrulBhudiF/Go_gRPC/internal/delivery/grpc/proto/user_grpc.pb.go:155.164,157.32 2 0
github.com/SyahrulBhudiF/Go_gRPC/internal/delivery/grpc/proto/user_grpc.pb.go:157.32,159.3 1 0
github.com/SyahrulBhudiF/Go_gRPC/internal/delivery/grpc/proto/user_grpc.pb.go:160.2,160.24 1 0
github.com/SyahrulBhudiF/Go_gRPC/internal/delivery/grpc/proto/user_grpc.pb.go:160.24,162.3 1 0
github.com/SyahrulBhudiF/Go_gRPC/internal/delivery/grpc/proto/user_grpc.pb.go:163.2,167.77 2 0
github.com/SyahrulBhudiF/Go_gRPC/internal/delivery/grpc/proto/user_grpc.pb.go:167.77,169.3 1 0
github.com/SyahrulBhudiF/Go_gRPC/internal/delivery/grpc/proto/user_grpc.pb.go:170.2,170.44 1 0
github.com/SyahrulBhudiF/Go_gRPC/internal/delivery/grpc/proto/user_grpc.pb.go:173.167,175.32 2 0
github.com/SyahrulBhudiF/Go_gRPC/internal/delivery/grpc/proto/user_grpc.pb.go:175.32,177.3 1 0
github.com/SyahrulBhudiF/Go_gRPC/internal/delivery/grpc/proto/user_grpc.pb.go:178.2,178.24 1 0
github.com/SyahrulBhudiF/Go_gRPC/internal/delivery/grpc/proto/user_grpc.pb.go:178.24,180.3 1 0
github.com/SyahrulBhudiF/Go_gRPC/internal/delivery/grpc/proto/user_grpc.pb.go:181.2,185.77 2 0
github.com/SyahrulBhudiF/Go_gRPC/internal/delivery/grpc/proto/user_grpc.pb.go:185.77,187.3 1 0
github.com/SyahrulBhudiF/Go_gRPC/internal/delivery/grpc/proto/user_grpc.pb.go:188.2,188.44 1 0
github.com/SyahrulBhudiF/Go_gRPC/internal/delivery/grpc/proto/user_grpc.pb.go:191.167,193.32 2 0
github.com/SyahrulBhudiF/Go_gRPC/internal/delivery/grpc/proto/user_grpc.pb.go:193.32,195.3 1 0
github.com/SyahrulBhudiF/Go_gRPC/internal/delivery/grpc/proto/user_grpc.pb.go:196.2,196.24 1 0
github.com/SyahrulBhudiF/Go_gRPC/internal/delivery/grpc/proto/user_grpc.pb.go:196.24,198.3 1 0
github.com/SyahrulBhudiF/Go_gRPC/internal/delivery/grpc/proto/user_grpc.pb.go:199.2,203.77 2 0
github.com/SyahrulBhudiF/Go_gRPC/internal/delivery/grpc/proto/user_grpc.pb.go:203.77,205.3 1 0
github.com/SyahrulBhudiF/Go_gRPC/internal/delivery/grpc/proto/user_grpc.pb.go:206.2,206.44 1 0
github.com/SyahrulBhudiF/Go_gRPC/internal/domain/mocks/mock_UserRepository.go:19.69,21.2 1 0
github.com/SyahrulBhudiF/Go_gRPC/internal/domain/mocks/mock_UserRepository.go:24.79,27.19 2 0
github.com/SyahrulBhudiF/Go_gRPC/internal/domain/mocks/mock_UserRepository.go:27.19,28.48 1 0
github.com/SyahrulBhudiF/Go_gRPC/internal/domain/mocks/mock_UserRepository.go:31.2,33.73 3 0
github.com/SyahrulBhudiF/Go_gRPC/internal/domain/mocks/mock_UserRepository.go:33.73,35.3 1 0
github.com/SyahrulBhudiF/Go_gRPC/internal/domain/mocks/mock_UserRepository.go:36.2,36.64 1 0
github.com/SyahrulBhudiF/Go_gRPC/internal/domain/mocks/mock_UserRepository.go:36.64,38.3 1 0
github.com/SyahrulBhudiF/Go_gRPC/internal/domain/mocks/mock_UserRepository.go:38.8,39.24 1 0
github.com/SyahrulBhudiF/Go_gRPC/internal/domain/mocks/mock_UserRepository.go:39.24,41.4 1 0
github.com/SyahrulBhudiF/Go_gRPC/internal/domain/mocks/mock_UserRepository.go:44.2,44.57 1 0
github.com/SyahrulBhudiF/Go_gRPC/internal/domain/mocks/mock_UserRepository.go:44.57,46.3 1 0
github.com/SyahrulBhudiF/Go_gRPC/internal/domain/mocks/mock_UserRepository.go:46.8,48.3 1 0
github.com/SyahrulBhudiF/Go_gRPC/internal/domain/mocks/mock_UserRepository.go:50.2,50.15 1 0
github.com/SyahrulBhudiF/Go_gRPC/internal/domain/mocks/mock_UserRepository.go:60.97,62.2 1 0
github.com/SyahrulBhudiF/Go_gRPC/internal/domain/mocks/mock_UserRepository.go:64.108,65.40 1 0
github.com/SyahrulBhudiF/Go_gRPC/internal/domain/mocks/mock_UserRepository.go:65.40,67.3 1 0
github.com/SyahrulBhudiF/Go_gRPC/internal/domain/mocks/mock_UserRepository.go:68.2,68.11 1 0
github.com/SyahrulBhudiF/Go_gRPC/internal/domain/mocks/mock_UserRepository.go:71.111,74.2 2 0
github.com/SyahrulBhudiF/Go_gRPC/internal/domain/mocks/mock_UserRepository.go:76.134,79.2 2 0
github.com/SyahrulBhudiF/Go_gRPC/internal/domain/mocks/mock_UserRepository.go:82.54,85.19 2 0
github.com/SyahrulBhudiF/Go_gRPC/internal/domain/mocks/mock_UserRepository.go:85.19,86.48 1 0
github.com/SyahrulBhudiF/Go_gRPC/internal/domain/mocks/mock_UserRepository.go:89.2,90.50 2 0
github.com/SyahrulBhudiF/Go_gRPC/internal/domain/mocks/mock_UserRepository.go:90.50,92.3 1 0
github.com/SyahrulBhudiF/Go_gRPC/internal/domain/mocks/mock_UserRepository.go:92.8,94.3 1 0
github.com/SyahrulBhudiF/Go_gRPC/internal/domain/mocks/mock_UserRepository.go:96.2,96.11 1 0
github.com/SyahrulBhudiF/Go_gRPC/internal/domain/mocks/mock_UserRepository.go:106.95,108.2 1 0
github.com/SyahrulBhudiF/Go_gRPC/internal/domain/mocks/mock_UserRepository.go:110.99,111.40 1 0
github.com/SyahrulBhudiF/Go_gRPC/internal/domain/mocks/mock_UserRepository.go:111.40,113.3 1 0
github.com/SyahrulBhudiF/Go_gRPC/internal/domain/mocks/mock_UserRepository.go:114.2,114.11 1 0
github.com/SyahrulBhudiF/Go_gRPC/internal/domain/mocks/mock_UserRepository.go:117.93,120.2 2 0
github.com/SyahrulBhudiF/Go_gRPC/internal/domain/mocks/mock_UserRepository.go:122.111,125.2 2 0
github.com/SyahrulBhudiF/Go_gRPC/internal/domain/mocks/mock_UserRepository.go:128.71,131.19 2 0
github.com/SyahrulBhudiF/Go_gRPC/internal/domain/mocks/mock_UserRepository.go:131.19,132.49 1 0
github.com/SyahrulBhudiF/Go_gRPC/internal/domain/mocks/mock_UserRepository.go:135.2,137.66 3 0
github.com/SyahrulBhudiF/Go_gRPC/internal/domain/mocks/mock_UserRepository.go:137.66,139.3 1 0
github.com/SyahrulBhudiF/Go_gRPC/internal/domain/mocks/mock_UserRepository.go:140.2,140.57 1 0
github.com/SyahrulBhudiF/Go_gRPC/internal/domain/mocks/mock_UserRepository.go:140.57,142.3 1 0
github.com/SyahrulBhudiF/Go_gRPC/internal/domain/mocks/mock_UserRepository.go:142.8,143.24 1 0
github.com/SyahrulBhudiF/Go_gRPC/internal/domain/mocks/mock_UserRepository.go:143.24,145.4 1 0
github.com/SyahrulBhudiF/Go_gRPC/internal/domain/mocks/mock_UserRepository.go:148.2,148.50 1 0
github.com/SyahrulBhudiF/Go_gRPC/internal/domain/mocks/mock_UserRepository.go:148.50,150.3 1 0
github.com/SyahrulBhudiF/Go_gRPC/internal/domain/mocks/mock_UserRepository.go:150.8,152.3 1 0
github.com/SyahrulBhudiF/Go_gRPC/internal/domain/mocks/mock_UserRepository.go:154.2,154.15 1 0
github.com/SyahrulBhudiF/Go_gRPC/internal/domain/mocks/mock_UserRepository.go:164.97,166.2 1 0
github.com/SyahrulBhudiF/Go_gRPC/internal/domain/mocks/mock_UserRepository.go:168.101,169.40 1 0
github.com/SyahrulBhudiF/Go_gRPC/internal/domain/mocks/mock_UserRepository.go:169.40,171.3 1 0
github.com/SyahrulBhudiF/Go_gRPC/internal/domain/mocks/mock_UserRepository.go:172.2,172.11 1 0
github.com/SyahrulBhudiF/Go_gRPC/internal/domain/mocks/mock_UserRepository.go:175.113,178.2 2 0
github.com/SyahrulBhudiF/Go_gRPC/internal/domain/mocks/mock_UserRepository.go:180.129,183.2 2 0
github.com/SyahrulBhudiF/Go_gRPC/internal/domain/mocks/mock_UserRepository.go:186.79,189.19 2 0
github.com/SyahrulBhudiF/Go_gRPC/internal/domain/mocks/mock_UserRepository.go:189.19,190.48 1 0
github.com/SyahrulBhudiF/Go_gRPC/internal/domain/mocks/mock_UserRepository.go:193.2,195.73 3 0
github.com/SyahrulBhudiF/Go_gRPC/internal/domain/mocks/mock_UserRepository.go:195.73,197.3 1 0
github.com/SyahrulBhudiF/Go_gRPC/internal/domain/mocks/mock_UserRepository.go:198.2,198.64 1 0
github.com/SyahrulBhudiF/Go_gRPC/internal/domain/mocks/mock_UserRepository.go:198.64,200.3 1 0
github.com/SyahrulBhudiF/Go_gRPC/internal/domain/mocks/mock_UserRepository.go:200.8,201.24 1 0
github.com/SyahrulBhudiF/Go_gRPC/internal/domain/mocks/mock_UserRepository.go:201.24,203.4 1 0
github.com/SyahrulBhudiF/Go_gRPC/internal/domain/mocks/mock_UserRepository.go:206.2,206.57 1 0
github.com/SyahrulBhudiF/Go_gRPC/internal/domain/mocks/mock_UserRepository.go:206.57,208.3 1 0
github.com/SyahrulBhudiF/Go_gRPC/internal/domain/mocks/mock_UserRepository.go:208.8,210.3 1 0
github.com/SyahrulBhudiF/Go_gRPC/internal/domain/mocks/mock_UserRepository.go:212.2,212.15 1 0
github.com/SyahrulBhudiF/Go_gRPC/internal/domain/mocks/mock_UserRepository.go:222.97,224.2 1 0
github.com/SyahrulBhudiF/Go_gRPC/internal/domain/mocks/mock_UserRepository.go:226.108,227.40 1 0
github.com/SyahrulBhudiF/Go_gRPC/internal/domain/mocks/mock_UserRepository.go:227.40,229.3 1 0
github.com/SyahrulBhudiF/Go_gRPC/internal/domain/mocks/mock_UserRepository.go:230.2,230.11 1 0
github.com/SyahrulBhudiF/Go_gRPC/internal/domain/mocks/mock_UserRepository.go:233.111,236.2 2 0
github.com/SyahrulBhudiF/Go_gRPC/internal/domain/mocks/mock_UserRepository.go:238.134,241.2 2 0
github.com/SyahrulBhudiF/Go_gRPC/internal/domain/mocks/mock_UserRepository.go:248.24,252.19 3 0
github.com/SyahrulBhudiF/Go_gRPC/internal/domain/mocks/mock_UserRepository.go:252.19,252.49 1 0
github.com/SyahrulBhudiF/Go_gRPC/internal/domain/mocks/mock_UserRepository.go:254.2,254.13 1 0
github.com/SyahrulBhudiF/Go_gRPC/internal/domain/mocks/mock_UserUseCase.go:19.63,21.2 1 1
github.com/SyahrulBhudiF/Go_gRPC/internal/domain/mocks/mock_UserUseCase.go:24.84,27.19 2 1
github.com/SyahrulBhudiF/Go_gRPC/internal/domain/mocks/mock_UserUseCase.go:27.19,28.48 1 0
github.com/SyahrulBhudiF/Go_gRPC/internal/domain/mocks/mock_UserUseCase.go:31.2,33.75 3 1
github.com/SyahrulBhudiF/Go_gRPC/internal/domain/mocks/mock_UserUseCase.go:33.75,35.3 1 0
github.com/SyahrulBhudiF/Go_gRPC/internal/domain/mocks/mock_UserUseCase.go:36.2,36.66 1 1
github.com/SyahrulBhudiF/Go_gRPC/internal/domain/mocks/mock_UserUseCase.go:36.66,38.3 1 0
github.com/SyahrulBhudiF/Go_gRPC/internal/domain/mocks/mock_UserUseCase.go:38.8,39.24 1 1
github.com/SyahrulBhudiF/Go_gRPC/internal/domain/mocks/mock_UserUseCase.go:39.24,41.4 1 1
github.com/SyahrulBhudiF/Go_gRPC/internal/domain/mocks/mock_UserUseCase.go:44.2,44.59 1 1
github.com/SyahrulBhudiF/Go_gRPC/internal/domain/mocks/mock_UserUseCase.go:44.59,46.3 1 0
github.com/SyahrulBhudiF/Go_gRPC/internal/domain/mocks/mock_UserUseCase.go:46.8,48.3 1 1
github.com/SyahrulBhudiF/Go_gRPC/internal/domain/mocks/mock_UserUseCase.go:50.2,50.15 1 1
github.com/SyahrulBhudiF/Go_gRPC/internal/domain/mocks/mock_UserUseCase.go:61.110,63.2 1 1
github.com/SyahrulBhudiF/Go_gRPC/internal/domain/mocks/mock_UserUseCase.go:65.110,66.40 1 0
github.com/SyahrulBhudiF/Go_gRPC/internal/domain/mocks/mock_UserUseCase.go:66.40,68.3 1 0
github.com/SyahrulBhudiF/Go_gRPC/internal/domain/mocks/mock_UserUseCase.go:69.2,69.11 1 0
github.com/SyahrulBhudiF/Go_gRPC/internal/domain/mocks/mock_UserUseCase.go:72.105,75.2 2 1
github.com/SyahrulBhudiF/Go_gRPC/internal/domain/mocks/mock_UserUseCase.go:77.130,80.2 2 0
github.com/SyahrulBhudiF/Go_gRPC/internal/domain/mocks/mock_UserUseCase.go:83.51,86.19 2 0
github.com/SyahrulBhudiF/Go_gRPC/internal/domain/mocks/mock_UserUseCase.go:86.19,87.48 1 0
github.com/SyahrulBhudiF/Go_gRPC/internal/domain/mocks/mock_UserUseCase.go:90.2,91.50 2 0
github.com/SyahrulBhudiF/Go_gRPC/internal/domain/mocks/mock_UserUseCase.go:91.50,93.3 1 0
github.com/SyahrulBhudiF/Go_gRPC/internal/domain/mocks/mock_UserUseCase.go:93.8,95.3 1 0
github.com/SyahrulBhudiF/Go_gRPC/internal/domain/mocks/mock_UserUseCase.go:97.2,97.11 1 0
github.com/SyahrulBhudiF/Go_gRPC/internal/domain/mocks/mock_UserUseCase.go:107.89,109.2 1 0
github.com/SyahrulBhudiF/Go_gRPC/internal/domain/mocks/mock_UserUseCase.go:111.93,112.40 1 0
github.com/SyahrulBhudiF/Go_gRPC/internal/domain/mocks/mock_UserUseCase.go:112.40,114.3 1 0
github.com/SyahrulBhudiF/Go_gRPC/internal/domain/mocks/mock_UserUseCase.go:115.2,115.11 1 0
github.com/SyahrulBhudiF/Go_gRPC/internal/domain/mocks/mock_UserUseCase.go:118.87,121.2 2 0
github.com/SyahrulBhudiF/Go_gRPC/internal/domain/mocks/mock_UserUseCase.go:123.105,126.2 2 0
github.com/SyahrulBhudiF/Go_gRPC/internal/domain/mocks/mock_UserUseCase.go:129.68,132.19 2 0
github.com/SyahrulBhudiF/Go_gRPC/internal/domain/mocks/mock_UserUseCase.go:132.19,133.49 1 0
github.com/SyahrulBhudiF/Go_gRPC/internal/domain/mocks/mock_UserUseCase.go:136.2,138.66 3 0
github.com/SyahrulBhudiF/Go_gRPC/internal/domain/mocks/mock_UserUseCase.go:138.66,140.3 1 0
github.com/SyahrulBhudiF/Go_gRPC/internal/domain/mocks/mock_UserUseCase.go:141.2,141.57 1 0
github.com/SyahrulBhudiF/Go_gRPC/internal/domain/mocks/mock_UserUseCase.go:141.57,143.3 1 0
github.com/SyahrulBhudiF/Go_gRPC/internal/domain/mocks/mock_UserUseCase.go:143.8,144.24 1 0
github.com/SyahrulBhudiF/Go_gRPC/internal/domain/mocks/mock_UserUseCase.go:144.24,146.4 1 0
github.com/SyahrulBhudiF/Go_gRPC/internal/domain/mocks/mock_UserUseCase.go:149.2,149.50 1 0
github.com/SyahrulBhudiF/Go_gRPC/internal/domain/mocks/mock_UserUseCase.go:149.50,151.3 1 0
github.com/SyahrulBhudiF/Go_gRPC/internal/domain/mocks/mock_UserUseCase.go:151.8,153.3 1 0
github.com/SyahrulBhudiF/Go_gRPC/internal/domain/mocks/mock_UserUseCase.go:155.2,155.15 1 0
github.com/SyahrulBhudiF/Go_gRPC/internal/domain/mocks/mock_UserUseCase.go:165.91,167.2 1 0
github.com/SyahrulBhudiF/Go_gRPC/internal/domain/mocks/mock_UserUseCase.go:169.95,170.40 1 0
github.com/SyahrulBhudiF/Go_gRPC/internal/domain/mocks/mock_UserUseCase.go:170.40,172.3 1 0
github.com/SyahrulBhudiF/Go_gRPC/internal/domain/mocks/mock_UserUseCase.go:173.2,173.11 1 0
github.com/SyahrulBhudiF/Go_gRPC/internal/domain/mocks/mock_UserUseCase.go:176.107,179.2 2 0
github.com/SyahrulBhudiF/Go_gRPC/internal/domain/mocks/mock_UserUseCase.go:181.123,184.2 2 0
github.com/SyahrulBhudiF/Go_gRPC/internal/domain/mocks/mock_UserUseCase.go:187.94,190.19 2 0
github.com/SyahrulBhudiF/Go_gRPC/internal/domain/mocks/mock_UserUseCase.go:190.19,191.48 1 0
github.com/SyahrulBhudiF/Go_gRPC/internal/domain/mocks/mock_UserUseCase.go:194.2,196.82 3 0
github.com/SyahrulBhudiF/Go_gRPC/internal/domain/mocks/mock_UserUseCase.go:196.82,198.3 1 0
github.com/SyahrulBhudiF/Go_gRPC/internal/domain/mocks/mock_UserUseCase.go:199.2,199.73 1 0
github.com/SyahrulBhudiF/Go_gRPC/internal/domain/mocks/mock_UserUseCase.go:199.73,201.3 1 0
github.com/SyahrulBhudiF/Go_gRPC/internal/domain/mocks/mock_UserUseCase.go:201.8,202.24 1 0
github.com/SyahrulBhudiF/Go_gRPC/internal/domain/mocks/mock_UserUseCase.go:202.24,204.4 1 0
github.com/SyahrulBhudiF/Go_gRPC/internal/domain/mocks/mock_UserUseCase.go:207.2,207.66 1 0
github.com/SyahrulBhudiF/Go_gRPC/internal/domain/mocks/mock_UserUseCase.go:207.66,209.3 1 0
github.com/SyahrulBhudiF/Go_gRPC/internal/domain/mocks/mock_UserUseCase.go:209.8,211.3 1 0
github.com/SyahrulBhudiF/Go_gRPC/internal/domain/mocks/mock_UserUseCase.go:213.2,213.15 1 0
github.com/SyahrulBhudiF/Go_gRPC/internal/domain/mocks/mock_UserUseCase.go:225.126,227.2 1 0
github.com/SyahrulBhudiF/Go_gRPC/internal/domain/mocks/mock_UserUseCase.go:229.120,230.40 1 0
github.com/SyahrulBhudiF/Go_gRPC/internal/domain/mocks/mock_UserUseCase.go:230.40,232.3 1 0
github.com/SyahrulBhudiF/Go_gRPC/internal/domain/mocks/mock_UserUseCase.go:233.2,233.11 1 0
github.com/SyahrulBhudiF/Go_gRPC/internal/domain/mocks/mock_UserUseCase.go:236.105,239.2 2 0
github.com/SyahrulBhudiF/Go_gRPC/internal/domain/mocks/mock_UserUseCase.go:241.137,244.2 2 0
github.com/SyahrulBhudiF/Go_gRPC/internal/domain/mocks/mock_UserUseCase.go:251.21,255.19 3 1
github.com/SyahrulBhudiF/Go_gRPC/internal/domain/mocks/mock_UserUseCase.go:255.19,255.49 1 1
github.com/SyahrulBhudiF/Go_gRPC/internal/domain/mocks/mock_UserUseCase.go:257.2,257.13 1 1
github.com/SyahrulBhudiF/Go_gRPC/internal/delivery/grpc/proto/user.pb.go:32.24,37.2 4 0
github.com/SyahrulBhudiF/Go_gRPC/internal/delivery/grpc/proto/user.pb.go:39.32,41.2 1 0
github.com/SyahrulBhudiF/Go_gRPC/internal/delivery/grpc/proto/user.pb.go:43.30,43.31 0 0
github.com/SyahrulBhudiF/Go_gRPC/internal/delivery/grpc/proto/user.pb.go:45.52,47.14 2 0
github.com/SyahrulBhudiF/Go_gRPC/internal/delivery/grpc/proto/user.pb.go:47.14,49.34 2 0
github.com/SyahrulBhudiF/Go_gRPC/internal/delivery/grpc/proto/user.pb.go:49.34,51.4 1 0
github.com/SyahrulBhudiF/Go_gRPC/internal/delivery/grpc/proto/user.pb.go:52.3,52.12 1 0
github.com/SyahrulBhudiF/Go_gRPC/internal/delivery/grpc/proto/user.pb.go:54.2,54.24 1 0
github.com/SyahrulBhudiF/Go_gRPC/internal/delivery/grpc/proto/user.pb.go:58.43,60.2 1 0
github.com/SyahrulBhudiF/Go_gRPC/internal/delivery/grpc/proto/user.pb.go:62.30,63.14 1 0
github.com/SyahrulBhudiF/Go_gRPC/internal/delivery/grpc/proto/user.pb.go:63.14,65.3 1 0
github.com/SyahrulBhudiF/Go_gRPC/internal/delivery/grpc/proto/user.pb.go:66.2,66.10 1 0
github.com/SyahrulBhudiF/Go_gRPC/internal/delivery/grpc/proto/user.pb.go:69.33,70.14 1 0
github.com/SyahrulBhudiF/Go_gRPC/internal/delivery/grpc/proto/user.pb.go:70.14,72.3 1 0
github.com/SyahrulBhudiF/Go_gRPC/internal/delivery/grpc/proto/user.pb.go:73.2,73.11 1 0
github.com/SyahrulBhudiF/Go_gRPC/internal/delivery/grpc/proto/user.pb.go:76.34,77.14 1 0
github.com/SyahrulBhudiF/Go_gRPC/internal/delivery/grpc/proto/user.pb.go:77.14,79.3 1 0
github.com/SyahrulBhudiF/Go_gRPC/internal/delivery/grpc/proto/user.pb.go:80.2,80.11 1 0
github.com/SyahrulBhudiF/Go_gRPC/internal/delivery/grpc/proto/user.pb.go:91.37,96.2 4 0
github.com/SyahrulBhudiF/Go_gRPC/internal/delivery/grpc/proto/user.pb.go:98.45,100.2 1 0
github.com/SyahrulBhudiF/Go_gRPC/internal/delivery/grpc/proto/user.pb.go:102.43,102.44 0 0
github.com/SyahrulBhudiF/Go_gRPC/internal/delivery/grpc/proto/user.pb.go:104.65,106.14 2 0
github.com/SyahrulBhudiF/Go_gRPC/internal/delivery/grpc/proto/user.pb.go:106.14,108.34 2 0
github.com/SyahrulBhudiF/Go_gRPC/internal/delivery/grpc/proto/user.pb.go:108.34,110.4 1 0
github.com/SyahrulBhudiF/Go_gRPC/internal/delivery/grpc/proto/user.pb.go:111.3,111.12 1 0
github.com/SyahrulBhudiF/Go_gRPC/internal/delivery/grpc/proto/user.pb.go:113.2,113.24 1 0
github.com/SyahrulBhudiF/Go_gRPC/internal/delivery/grpc/proto/user.pb.go:117.56,119.2 1 0
github.com/SyahrulBhudiF/Go_gRPC/internal/delivery/grpc/proto/user.pb.go:121.46,122.14 1 0
github.com/SyahrulBhudiF/Go_gRPC/internal/delivery/grpc/proto/user.pb.go:122.14,124.3 1 0
github.com/SyahrulBhudiF/Go_gRPC/internal/delivery/grpc/proto/user.pb.go:125.2,125.11 1 0
github.com/SyahrulBhudiF/Go_gRPC/internal/delivery/grpc/proto/user.pb.go:128.47,129.14 1 0
github.com/SyahrulBhudiF/Go_gRPC/internal/delivery/grpc/proto/user.pb.go:129.14,131.3 1 0
github.com/SyahrulBhudiF/Go_gRPC/internal/delivery/grpc/proto/user.pb.go:132.2,132.11 1 0
github.com/SyahrulBhudiF/Go_gRPC/internal/delivery/grpc/proto/user.pb.go:142.38,147.2 4 0
github.com/SyahrulBhudiF/Go_gRPC/internal/delivery/grpc/proto/user.pb.go:149.46,151.2 1 0
github.com/SyahrulBhudiF/Go_gRPC/internal/delivery/grpc/proto/user.pb.go:153.44,153.45 0 0
github.com/SyahrulBhudiF/Go_gRPC/internal/delivery/grpc/proto/user.pb.go:155.66,157.14 2 0
github.com/SyahrulBhudiF/Go_gRPC/internal/delivery/grpc/proto/user.pb.go:157.14,159.34 2 0
github.com/SyahrulBhudiF/Go_gRPC/internal/delivery/grpc/proto/user.pb.go:159.34,161.4 1 0
github.com/SyahrulBhudiF/Go_gRPC/internal/delivery/grpc/proto/user.pb.go:162.3,162.12 1 0
github.com/SyahrulBhudiF/Go_gRPC/internal/delivery/grpc/proto/user.pb.go:164.2,164.24 1 0
github.com/SyahrulBhudiF/Go_gRPC/internal/delivery/grpc/proto/user.pb.go:168.57,170.2 1 0
github.com/SyahrulBhudiF/Go_gRPC/internal/delivery/grpc/proto/user.pb.go:172.46,173.14 1 0
github.com/SyahrulBhudiF/Go_gRPC/internal/delivery/grpc/proto/user.pb.go:173.14,175.3 1 0
github.com/SyahrulBhudiF/Go_gRPC/internal/delivery/grpc/proto/user.pb.go:176.2,176.12 1 0
github.com/SyahrulBhudiF/Go_gRPC/internal/delivery/grpc/proto/user.pb.go:186.34,191.2 4 0
github.com/SyahrulBhudiF/Go_gRPC/internal/delivery/grpc/proto/user.pb.go:193.42,195.2 1 0
github.com/SyahrulBhudiF/Go_gRPC/internal/delivery/grpc/proto/user.pb.go:197.40,197.41 0 0
github.com/SyahrulBhudiF/Go_gRPC/internal/delivery/grpc/proto/user.pb.go:199.62,201.14 2 0
github.com/SyahrulBhudiF/Go_gRPC/internal/delivery/grpc/proto/user.pb.go:201.14,203.34 2 0
github.com/SyahrulBhudiF/Go_gRPC/internal/delivery/grpc/proto/user.pb.go:203.34,205.4 1 0
github.com/SyahrulBhudiF/Go_gRPC/internal/delivery/grpc/proto/user.pb.go:206.3,206.12 1 0
github.com/SyahrulBhudiF/Go_gRPC/internal/delivery/grpc/proto/user.pb.go:208.2,208.24 1 0
github.com/SyahrulBhudiF/Go_gRPC/internal/delivery/grpc/proto/user.pb.go:212.53,214.2 1 0
github.com/SyahrulBhudiF/Go_gRPC/internal/delivery/grpc/proto/user.pb.go:216.40,217.14 1 0
github.com/SyahrulBhudiF/Go_gRPC/internal/delivery/grpc/proto/user.pb.go:217.14,219.3 1 0
github.com/SyahrulBhudiF/Go_gRPC/internal/delivery/grpc/proto/user.pb.go:220.2,220.10 1 0
github.com/SyahrulBhudiF/Go_gRPC/internal/delivery/grpc/proto/user.pb.go:230.35,235.2 4 0
github.com/SyahrulBhudiF/Go_gRPC/internal/delivery/grpc/proto/user.pb.go:237.43,239.2 1 0
github.com/SyahrulBhudiF/Go_gRPC/internal/delivery/grpc/proto/user.pb.go:241.41,241.42 0 0
github.com/SyahrulBhudiF/Go_gRPC/internal/delivery/grpc/proto/user.pb.go:243.63,245.14 2 0
github.com/SyahrulBhudiF/Go_gRPC/internal/delivery/grpc/proto/user.pb.go:245.14,247.34 2 0
github.com/SyahrulBhudiF/Go_gRPC/internal/delivery/grpc/proto/user.pb.go:247.34,249.4 1 0
github.com/SyahrulBhudiF/Go_gRPC/internal/delivery/grpc/proto/user.pb.go:250.3,250.12 1 0
github.com/SyahrulBhudiF/Go_gRPC/internal/delivery/grpc/proto/user.pb.go:252.2,252.24 1 0
github.com/SyahrulBhudiF/Go_gRPC/internal/delivery/grpc/proto/user.pb.go:256.54,258.2 1 0
github.com/SyahrulBhudiF/Go_gRPC/internal/delivery/grpc/proto/user.pb.go:260.43,261.14 1 0
github.com/SyahrulBhudiF/Go_gRPC/internal/delivery/grpc/proto/user.pb.go:261.14,263.3 1 0
github.com/SyahrulBhudiF/Go_gRPC/internal/delivery/grpc/proto/user.pb.go:264.2,264.12 1 0
github.com/SyahrulBhudiF/Go_gRPC/internal/delivery/grpc/proto/user.pb.go:276.37,281.2 4 0
github.com/SyahrulBhudiF/Go_gRPC/internal/delivery/grpc/proto/user.pb.go:283.45,285.2 1 0
github.com/SyahrulBhudiF/Go_gRPC/internal/delivery/grpc/proto/user.pb.go:287.43,287.44 0 0
github.com/SyahrulBhudiF/Go_gRPC/internal/delivery/grpc/proto/user.pb.go:289.65,291.14 2 0
github.com/SyahrulBhudiF/Go_gRPC/internal/delivery/grpc/proto/user.pb.go:291.14,293.34 2 0
github.com/SyahrulBhudiF/Go_gRPC/internal/delivery/grpc/proto/user.pb.go:293.34,295.4 1 0
github.com/SyahrulBhudiF/Go_gRPC/internal/delivery/grpc/proto/user.pb.go:296.3,296.12 1 0
github.com/SyahrulBhudiF/Go_gRPC/internal/delivery/grpc/proto/user.pb.go:298.2,298.24 1 0
github.com/SyahrulBhudiF/Go_gRPC/internal/delivery/grpc/proto/user.pb.go:302.56,304.2 1 0
github.com/SyahrulBhudiF/Go_gRPC/internal/delivery/grpc/proto/user.pb.go:306.43,307.14 1 0
github.com/SyahrulBhudiF/Go_gRPC/internal/delivery/grpc/proto/user.pb.go:307.14,309.3 1 0
github.com/SyahrulBhudiF/Go_gRPC/internal/delivery/grpc/proto/user.pb.go:310.2,310.10 1 0
github.com/SyahrulBhudiF/Go_gRPC/internal/delivery/grpc/proto/user.pb.go:313.46,314.14 1 0
github.com/SyahrulBhudiF/Go_gRPC/internal/delivery/grpc/proto/user.pb.go:314.14,316.3 1 0
github.com/SyahrulBhudiF/Go_gRPC/internal/delivery/grpc/proto/user.pb.go:317.2,317.11 1 0
github.com/SyahrulBhudiF/Go_gRPC/internal/delivery/grpc/proto/user.pb.go:320.47,321.14 1 0
github.com/SyahrulBhudiF/Go_gRPC/internal/delivery/grpc/proto/user.pb.go:321.14,323.3 1 0
github.com/SyahrulBhudiF/Go_gRPC/internal/delivery/grpc/proto/user.pb.go:324.2,324.11 1 0
github.com/SyahrulBhudiF/Go_gRPC/internal/delivery/grpc/proto/user.pb.go:334.38,339.2 4 0
github.com/SyahrulBhudiF/Go_gRPC/internal/delivery/grpc/proto/user.pb.go:341.46,343.2 1 0
github.com/SyahrulBhudiF/Go_gRPC/internal/delivery/grpc/proto/user.pb.go:345.44,345.45 0 0
github.com/SyahrulBhudiF/Go_gRPC/internal/delivery/grpc/proto/user.pb.go:347.66,349.14 2 0
github.com/SyahrulBhudiF/Go_gRPC/internal/delivery/grpc/proto/user.pb.go:349.14,351.34 2 0
github.com/SyahrulBhudiF/Go_gRPC/internal/delivery/grpc/proto/user.pb.go:351.34,353.4 1 0
github.com/SyahrulBhudiF/Go_gRPC/internal/delivery/grpc/proto/user.pb.go:354.3,354.12 1 0
github.com/SyahrulBhudiF/Go_gRPC/internal/delivery/grpc/proto/user.pb.go:356.2,356.24 1 0
github.com/SyahrulBhudiF/Go_gRPC/internal/delivery/grpc/proto/user.pb.go:360.57,362.2 1 0
github.com/SyahrulBhudiF/Go_gRPC/internal/delivery/grpc/proto/user.pb.go:364.46,365.14 1 0
github.com/SyahrulBhudiF/Go_gRPC/internal/delivery/grpc/proto/user.pb.go:365.14,367.3 1 0
github.com/SyahrulBhudiF/Go_gRPC/internal/delivery/grpc/proto/user.pb.go:368.2,368.12 1 0
github.com/SyahrulBhudiF/Go_gRPC/internal/delivery/grpc/proto/user.pb.go:378.37,383.2 4 0
github.com/SyahrulBhudiF/Go_gRPC/internal/delivery/grpc/proto/user.pb.go:385.45,387.2 1 0
github.com/SyahrulBhudiF/Go_gRPC/internal/delivery/grpc/proto/user.pb.go:389.43,389.44 0 0
github.com/SyahrulBhudiF/Go_gRPC/internal/delivery/grpc/proto/user.pb.go:391.65,393.14 2 0
github.com/SyahrulBhudiF/Go_gRPC/internal/delivery/grpc/proto/user.pb.go:393.14,395.34 2 0
github.com/SyahrulBhudiF/Go_gRPC/internal/delivery/grpc/proto/user.pb.go:395.34,397.4 1 0
github.com/SyahrulBhudiF/Go_gRPC/internal/delivery/grpc/proto/user.pb.go:398.3,398.12 1 0
github.com/SyahrulBhudiF/Go_gRPC/internal/delivery/grpc/proto/user.pb.go:400.2,400.24 1 0
github.com/SyahrulBhudiF/Go_gRPC/internal/delivery/grpc/proto/user.pb.go:404.56,406.2 1 0
github.com/SyahrulBhudiF/Go_gRPC/internal/delivery/grpc/proto/user.pb.go:408.43,409.14 1 0
github.com/SyahrulBhudiF/Go_gRPC/internal/delivery/grpc/proto/user.pb.go:409.14,411.3 1 0
github.com/SyahrulBhudiF/Go_gRPC/internal/delivery/grpc/proto/user.pb.go:412.2,412.10 1 0
github.com/SyahrulBhudiF/Go_gRPC/internal/delivery/grpc/proto/user.pb.go:422.38,427.2 4 0
github.com/SyahrulBhudiF/Go_gRPC/internal/delivery/grpc/proto/user.pb.go:429.46,431.2 1 0
github.com/SyahrulBhudiF/Go_gRPC/internal/delivery/grpc/proto/user.pb.go:433.44,433.45 0 0
github.com/SyahrulBhudiF/Go_gRPC/internal/delivery/grpc/proto/user.pb.go:435.66,437.14 2 0
github.com/SyahrulBhudiF/Go_gRPC/internal/delivery/grpc/proto/user.pb.go:437.14,439.34 2 0
github.com/SyahrulBhudiF/Go_gRPC/internal/delivery/grpc/proto/user.pb.go:439.34,441.4 1 0
github.com/SyahrulBhudiF/Go_gRPC/internal/delivery/grpc/proto/user.pb.go:442.3,442.12 1 0
github.com/SyahrulBhudiF/Go_gRPC/internal/delivery/grpc/proto/user.pb.go:444.2,444.24 1 0
github.com/SyahrulBhudiF/Go_gRPC/internal/delivery/grpc/proto/user.pb.go:448.57,450.2 1 0
github.com/SyahrulBhudiF/Go_gRPC/internal/delivery/grpc/proto/user.pb.go:452.48,453.14 1 0
github.com/SyahrulBhudiF/Go_gRPC/internal/delivery/grpc/proto/user.pb.go:453.14,455.3 1 0
github.com/SyahrulBhudiF/Go_gRPC/internal/delivery/grpc/proto/user.pb.go:456.2,456.14 1 0
github.com/SyahrulBhudiF/Go_gRPC/internal/delivery/grpc/proto/user.pb.go:522.72,523.69 1 0
github.com/SyahrulBhudiF/Go_gRPC/internal/delivery/grpc/proto/user.pb.go:523.69,525.3 1 0
github.com/SyahrulBhudiF/Go_gRPC/internal/delivery/grpc/proto/user.pb.go:526.2,526.65 1 0
github.com/SyahrulBhudiF/Go_gRPC/internal/delivery/grpc/proto/user.pb.go:560.13,560.68 1 1
github.com/SyahrulBhudiF/Go_gRPC/internal/delivery/grpc/proto/user.pb.go:561.58,562.57 1 1
github.com/SyahrulBhudiF/Go_gRPC/internal/delivery/grpc/proto/user.pb.go:562.57,564.3 1 0
github.com/SyahrulBhudiF/Go_gRPC/internal/delivery/grpc/proto/user.pb.go:565.2,582.60 6 1
github.com/SyahrulBhudiF/Go_gRPC/internal/delivery/grpc/proto/user_grpc.pb.go:42.74,44.2 1 0
github.com/SyahrulBhudiF/Go_gRPC/internal/delivery/grpc/proto/user_grpc.pb.go:46.138,50.16 4 0
github.com/SyahrulBhudiF/Go_gRPC/internal/delivery/grpc/proto/user_grpc.pb.go:50.16,52.3 1 0
github.com/SyahrulBhudiF/Go_gRPC/internal/delivery/grpc/proto/user_grpc.pb.go:53.2,53.17 1 0
github.com/SyahrulBhudiF/Go_gRPC/internal/delivery/grpc/proto/user_grpc.pb.go:56.129,60.16 4 0
github.com/SyahrulBhudiF/Go_gRPC/internal/delivery/grpc/proto/user_grpc.pb.go:60.16,62.3 1 0
github.com/SyahrulBhudiF/Go_gRPC/internal/delivery/grpc/proto/user_grpc.pb.go:63.2,63.17 1 0
github.com/SyahrulBhudiF/Go_gRPC/internal/delivery/grpc/proto/user_grpc.pb.go:66.138,70.16 4 0
github.com/SyahrulBhudiF/Go_gRPC/internal/delivery/grpc/proto/user_grpc.pb.go:70.16,72.3 1 0
github.com/SyahrulBhudiF/Go_gRPC/internal/delivery/grpc/proto/user_grpc.pb.go:73.2,73.17 1 0
github.com/SyahrulBhudiF/Go_gRPC/internal/delivery/grpc/proto/user_grpc.pb.go:76.138,80.16 4 0
github.com/SyahrulBhudiF/Go_gRPC/internal/delivery/grpc/proto/user_grpc.pb.go:80.16,82.3 1 0
github.com/SyahrulBhudiF/Go_gRPC/internal/delivery/grpc/proto/user_grpc.pb.go:83.2,83.17 1 0
github.com/SyahrulBhudiF/Go_gRPC/internal/delivery/grpc/proto/user_grpc.pb.go:104.116,106.2 1 0
github.com/SyahrulBhudiF/Go_gRPC/internal/delivery/grpc/proto/user_grpc.pb.go:107.107,109.2 1 0
github.com/SyahrulBhudiF/Go_gRPC/internal/delivery/grpc/proto/user_grpc.pb.go:110.116,112.2 1 0
github.com/SyahrulBhudiF/Go_gRPC/internal/delivery/grpc/proto/user_grpc.pb.go:113.116,115.2 1 0
github.com/SyahrulBhudiF/Go_gRPC/internal/delivery/grpc/proto/user_grpc.pb.go:116.82,116.83 0 0
github.com/SyahrulBhudiF/Go_gRPC/internal/delivery/grpc/proto/user_grpc.pb.go:117.82,117.83 0 0
github.com/SyahrulBhudiF/Go_gRPC/internal/delivery/grpc/proto/user_grpc.pb.go:126.80,131.59 1 0
github.com/SyahrulBhudiF/Go_gRPC/internal/delivery/grpc/proto/user_grpc.pb.go:131.59,133.3 1 0
github.com/SyahrulBhudiF/Go_gRPC/internal/delivery/grpc/proto/user_grpc.pb.go:134.2,134.50 1 0
github.com/SyahrulBhudiF/Go_gRPC/internal/delivery/grpc/proto/user_grpc.pb.go:137.167,139.32 2 0
github.com/SyahrulBhudiF/Go_gRPC/internal/delivery/grpc/proto/user_grpc.pb.go:139.32,141.3 1 0
github.com/SyahrulBhudiF/Go_gRPC/internal/delivery/grpc/proto/user_grpc.pb.go:142.2,142.24 1 0
github.com/SyahrulBhudiF/Go_gRPC/internal/delivery/grpc/proto/user_grpc.pb.go:142.24,144.3 1 0
github.com/SyahrulBhudiF/Go_gRPC/internal/delivery/grpc/proto/user_grpc.pb.go:145.2,149.77 2 0
github.com/SyahrulBhudiF/Go_gRPC/internal/delivery/grpc/proto/user_grpc.pb.go:149.77,151.3 1 0
github.com/SyahrulBhudiF/Go_gRPC/internal/delivery/grpc/proto/user_grpc.pb.go:152.2,152.44 1 0
github.com/SyahrulBhudiF/Go_gRPC/internal/delivery/grpc/proto/user_grpc.pb.go:155.164,157.32 2 0
github.com/SyahrulBhudiF/Go_gRPC/internal/delivery/grpc/proto/user_grpc.pb.go:157.32,159.3 1 0
github.com/SyahrulBhudiF/Go_gRPC/internal/delivery/grpc/proto/user_grpc.pb.go:160.2,160.24 1 0
github.com/SyahrulBhudiF/Go_gRPC/internal/delivery/grpc/proto/user_grpc.pb.go:160.24,162.3 1 0
github.com/SyahrulBhudiF/Go_gRPC/internal/delivery/grpc/proto/user_grpc.pb.go:163.2,167.77 2 0
github.com/SyahrulBhudiF/Go_gRPC/internal/delivery/grpc/proto/user_grpc.pb.go:167.77,169.3 1 0
github.com/SyahrulBhudiF/Go_gRPC/internal/delivery/grpc/proto/user_grpc.pb.go:170.2,170.44 1 0
github.com/SyahrulBhudiF/Go_gRPC/internal/delivery/grpc/proto/user_grpc.pb.go:173.167,175.32 2 0
github.com/SyahrulBhudiF/Go_gRPC/internal/delivery/grpc/proto/user_grpc.pb.go:175.32,177.3 1 0
github.com/SyahrulBhudiF/Go_gRPC/internal/delivery/grpc/proto/user_grpc.pb.go:178.2,178.24 1 0
github.com/SyahrulBhudiF/Go_gRPC/internal/delivery/grpc/proto/user_grpc.pb.go:178.24,180.3 1 0
github.com/SyahrulBhudiF/Go_gRPC/internal/delivery/grpc/proto/user_grpc.pb.go:181.2,185.77 2 0
github.com/SyahrulBhudiF/Go_gRPC/internal/delivery/grpc/proto/user_grpc.pb.go:185.77,187.3 1 0
github.com/SyahrulBhudiF/Go_gRPC/internal/delivery/grpc/proto/user_grpc.pb.go:188.2,188.44 1 0
github.com/SyahrulBhudiF/Go_gRPC/internal/delivery/grpc/proto/user_grpc.pb.go:191.167,193.32 2 0
github.com/SyahrulBhudiF/Go_gRPC/internal/delivery/grpc/proto/user_grpc.pb.go:193.32,195.3 1 0
github.com/SyahrulBhudiF/Go_gRPC/internal/delivery/grpc/proto/user_grpc.pb.go:196.2,196.24 1 0
github.com/SyahrulBhudiF/Go_gRPC/internal/delivery/grpc/proto/user_grpc.pb.go:196.24,198.3 1 0
github.com/SyahrulBhudiF/Go_gRPC/internal/delivery/grpc/proto/user_grpc.pb.go:199.2,203.77 2 0
github.com/SyahrulBhudiF/Go_gRPC/internal/delivery/grpc/proto/user_grpc.pb.go:203.77,205.3 1 0
github.com/SyahrulBhudiF/Go_gRPC/internal/delivery/grpc/proto/user_grpc.pb.go:206.2,206.44 1 0
